<?xml version="1.0" encoding="utf-8"?>
<CoverageSession xmlns:xsd="http://www.w3.org/2001/XMLSchema" xmlns:xsi="http://www.w3.org/2001/XMLSchema-instance" Version="4.7.922.0">
  <Summary numSequencePoints="661" visitedSequencePoints="152" numBranchPoints="171" visitedBranchPoints="31" sequenceCoverage="23.00" branchCoverage="18.13" maxCyclomaticComplexity="20" minCyclomaticComplexity="1" maxCrapScore="420" minCrapScore="1" visitedClasses="2" numClasses="3" visitedMethods="23" numMethods="50" />
  <Modules>
    <Module hash="C9-92-10-01-A6-A9-9C-1B-0A-61-12-67-39-9C-65-CB-07-90-07-64">
      <Summary numSequencePoints="101" visitedSequencePoints="101" numBranchPoints="21" visitedBranchPoints="21" sequenceCoverage="100" branchCoverage="100" maxCyclomaticComplexity="1" minCyclomaticComplexity="1" maxCrapScore="1" minCrapScore="1" visitedClasses="1" numClasses="1" visitedMethods="21" numMethods="21" />
      <ModulePath>D:\labsC#\laba11\laba11\Tests\bin\Debug\fine-code-coverage\build-output\Tests.dll</ModulePath>
      <ModuleTime>2021-03-24T16:35:25.2984306Z</ModuleTime>
      <ModuleName>Tests</ModuleName>
      <Files>
        <File uid="1" fullPath="D:\labsC#\laba11\laba11\Tests\UnitTest1.cs" />
      </Files>
      <Classes>
        <Class>
          <Summary numSequencePoints="101" visitedSequencePoints="101" numBranchPoints="21" visitedBranchPoints="21" sequenceCoverage="100" branchCoverage="100" maxCyclomaticComplexity="1" minCyclomaticComplexity="1" maxCrapScore="1" minCrapScore="1" visitedClasses="1" numClasses="1" visitedMethods="21" numMethods="21" />
          <FullName>Tests.UnitTest1</FullName>
          <Methods>
            <Method visited="true" cyclomaticComplexity="1" nPathComplexity="0" sequenceCoverage="100" branchCoverage="100" crapScore="1" isConstructor="false" isStatic="false" isGetter="false" isSetter="false">
              <Summary numSequencePoints="5" visitedSequencePoints="5" numBranchPoints="1" visitedBranchPoints="1" sequenceCoverage="100" branchCoverage="100" maxCyclomaticComplexity="1" minCyclomaticComplexity="1" maxCrapScore="1" minCrapScore="1" visitedClasses="0" numClasses="0" visitedMethods="1" numMethods="1" />
              <MetadataToken>100663297</MetadataToken>
              <Name>System.Void Tests.UnitTest1::Str1()</Name>
              <FileRef uid="1" />
              <SequencePoints>
                <SequencePoint vc="1" uspid="1" ordinal="0" offset="0" sl="15" sc="9" el="15" ec="10" bec="0" bev="0" fileid="1" />
                <SequencePoint vc="1" uspid="2" ordinal="1" offset="1" sl="16" sc="13" el="16" ec="27" bec="0" bev="0" fileid="1" />
                <SequencePoint vc="1" uspid="3" ordinal="2" offset="3" sl="18" sc="13" el="18" ec="58" bec="0" bev="0" fileid="1" />
                <SequencePoint vc="1" uspid="4" ordinal="3" offset="31" sl="20" sc="13" el="20" ec="35" bec="0" bev="0" fileid="1" />
                <SequencePoint vc="1" uspid="5" ordinal="4" offset="39" sl="21" sc="9" el="21" ec="10" bec="0" bev="0" fileid="1" />
              </SequencePoints>
              <BranchPoints />
              <MethodPoint xsi:type="SequencePoint" vc="1" uspid="1" ordinal="0" offset="0" sl="15" sc="9" el="15" ec="10" bec="0" bev="0" fileid="1" />
            </Method>
            <Method visited="true" cyclomaticComplexity="1" nPathComplexity="0" sequenceCoverage="100" branchCoverage="100" crapScore="1" isConstructor="false" isStatic="false" isGetter="false" isSetter="false">
              <Summary numSequencePoints="5" visitedSequencePoints="5" numBranchPoints="1" visitedBranchPoints="1" sequenceCoverage="100" branchCoverage="100" maxCyclomaticComplexity="1" minCyclomaticComplexity="1" maxCrapScore="1" minCrapScore="1" visitedClasses="0" numClasses="0" visitedMethods="1" numMethods="1" />
              <MetadataToken>100663298</MetadataToken>
              <Name>System.Void Tests.UnitTest1::Str2()</Name>
              <FileRef uid="1" />
              <SequencePoints>
                <SequencePoint vc="1" uspid="6" ordinal="0" offset="0" sl="25" sc="9" el="25" ec="10" bec="0" bev="0" fileid="1" />
                <SequencePoint vc="1" uspid="7" ordinal="1" offset="1" sl="26" sc="13" el="26" ec="27" bec="0" bev="0" fileid="1" />
                <SequencePoint vc="1" uspid="8" ordinal="2" offset="3" sl="28" sc="13" el="28" ec="58" bec="0" bev="0" fileid="1" />
                <SequencePoint vc="1" uspid="9" ordinal="3" offset="31" sl="30" sc="13" el="30" ec="35" bec="0" bev="0" fileid="1" />
                <SequencePoint vc="1" uspid="10" ordinal="4" offset="39" sl="31" sc="9" el="31" ec="10" bec="0" bev="0" fileid="1" />
              </SequencePoints>
              <BranchPoints />
              <MethodPoint xsi:type="SequencePoint" vc="1" uspid="6" ordinal="0" offset="0" sl="25" sc="9" el="25" ec="10" bec="0" bev="0" fileid="1" />
            </Method>
            <Method visited="true" cyclomaticComplexity="1" nPathComplexity="0" sequenceCoverage="100" branchCoverage="100" crapScore="1" isConstructor="false" isStatic="false" isGetter="false" isSetter="false">
              <Summary numSequencePoints="5" visitedSequencePoints="5" numBranchPoints="1" visitedBranchPoints="1" sequenceCoverage="100" branchCoverage="100" maxCyclomaticComplexity="1" minCyclomaticComplexity="1" maxCrapScore="1" minCrapScore="1" visitedClasses="0" numClasses="0" visitedMethods="1" numMethods="1" />
              <MetadataToken>100663299</MetadataToken>
              <Name>System.Void Tests.UnitTest1::Str3()</Name>
              <FileRef uid="1" />
              <SequencePoints>
                <SequencePoint vc="1" uspid="11" ordinal="0" offset="0" sl="35" sc="9" el="35" ec="10" bec="0" bev="0" fileid="1" />
                <SequencePoint vc="1" uspid="12" ordinal="1" offset="1" sl="36" sc="13" el="36" ec="27" bec="0" bev="0" fileid="1" />
                <SequencePoint vc="1" uspid="13" ordinal="2" offset="3" sl="38" sc="13" el="38" ec="58" bec="0" bev="0" fileid="1" />
                <SequencePoint vc="1" uspid="14" ordinal="3" offset="31" sl="40" sc="13" el="40" ec="35" bec="0" bev="0" fileid="1" />
                <SequencePoint vc="1" uspid="15" ordinal="4" offset="39" sl="41" sc="9" el="41" ec="10" bec="0" bev="0" fileid="1" />
              </SequencePoints>
              <BranchPoints />
              <MethodPoint xsi:type="SequencePoint" vc="1" uspid="11" ordinal="0" offset="0" sl="35" sc="9" el="35" ec="10" bec="0" bev="0" fileid="1" />
            </Method>
            <Method visited="true" cyclomaticComplexity="1" nPathComplexity="0" sequenceCoverage="100" branchCoverage="100" crapScore="1" isConstructor="false" isStatic="false" isGetter="false" isSetter="false">
              <Summary numSequencePoints="5" visitedSequencePoints="5" numBranchPoints="1" visitedBranchPoints="1" sequenceCoverage="100" branchCoverage="100" maxCyclomaticComplexity="1" minCyclomaticComplexity="1" maxCrapScore="1" minCrapScore="1" visitedClasses="0" numClasses="0" visitedMethods="1" numMethods="1" />
              <MetadataToken>100663300</MetadataToken>
              <Name>System.Void Tests.UnitTest1::Str4()</Name>
              <FileRef uid="1" />
              <SequencePoints>
                <SequencePoint vc="1" uspid="16" ordinal="0" offset="0" sl="45" sc="9" el="45" ec="10" bec="0" bev="0" fileid="1" />
                <SequencePoint vc="1" uspid="17" ordinal="1" offset="1" sl="46" sc="13" el="46" ec="28" bec="0" bev="0" fileid="1" />
                <SequencePoint vc="1" uspid="18" ordinal="2" offset="3" sl="48" sc="13" el="48" ec="66" bec="0" bev="0" fileid="1" />
                <SequencePoint vc="1" uspid="19" ordinal="3" offset="25" sl="50" sc="13" el="50" ec="35" bec="0" bev="0" fileid="1" />
                <SequencePoint vc="1" uspid="20" ordinal="4" offset="33" sl="51" sc="9" el="51" ec="10" bec="0" bev="0" fileid="1" />
              </SequencePoints>
              <BranchPoints />
              <MethodPoint xsi:type="SequencePoint" vc="1" uspid="16" ordinal="0" offset="0" sl="45" sc="9" el="45" ec="10" bec="0" bev="0" fileid="1" />
            </Method>
            <Method visited="true" cyclomaticComplexity="1" nPathComplexity="0" sequenceCoverage="100" branchCoverage="100" crapScore="1" isConstructor="false" isStatic="false" isGetter="false" isSetter="false">
              <Summary numSequencePoints="5" visitedSequencePoints="5" numBranchPoints="1" visitedBranchPoints="1" sequenceCoverage="100" branchCoverage="100" maxCyclomaticComplexity="1" minCyclomaticComplexity="1" maxCrapScore="1" minCrapScore="1" visitedClasses="0" numClasses="0" visitedMethods="1" numMethods="1" />
              <MetadataToken>100663301</MetadataToken>
              <Name>System.Void Tests.UnitTest1::Stud1()</Name>
              <FileRef uid="1" />
              <SequencePoints>
                <SequencePoint vc="1" uspid="21" ordinal="0" offset="0" sl="55" sc="9" el="55" ec="10" bec="0" bev="0" fileid="1" />
                <SequencePoint vc="1" uspid="22" ordinal="1" offset="1" sl="56" sc="13" el="56" ec="27" bec="0" bev="0" fileid="1" />
                <SequencePoint vc="1" uspid="23" ordinal="2" offset="3" sl="58" sc="13" el="58" ec="54" bec="0" bev="0" fileid="1" />
                <SequencePoint vc="1" uspid="24" ordinal="3" offset="31" sl="60" sc="13" el="60" ec="35" bec="0" bev="0" fileid="1" />
                <SequencePoint vc="1" uspid="25" ordinal="4" offset="39" sl="61" sc="9" el="61" ec="10" bec="0" bev="0" fileid="1" />
              </SequencePoints>
              <BranchPoints />
              <MethodPoint xsi:type="SequencePoint" vc="1" uspid="21" ordinal="0" offset="0" sl="55" sc="9" el="55" ec="10" bec="0" bev="0" fileid="1" />
            </Method>
            <Method visited="true" cyclomaticComplexity="1" nPathComplexity="0" sequenceCoverage="100" branchCoverage="100" crapScore="1" isConstructor="false" isStatic="false" isGetter="false" isSetter="false">
              <Summary numSequencePoints="5" visitedSequencePoints="5" numBranchPoints="1" visitedBranchPoints="1" sequenceCoverage="100" branchCoverage="100" maxCyclomaticComplexity="1" minCyclomaticComplexity="1" maxCrapScore="1" minCrapScore="1" visitedClasses="0" numClasses="0" visitedMethods="1" numMethods="1" />
              <MetadataToken>100663302</MetadataToken>
              <Name>System.Void Tests.UnitTest1::Stud2()</Name>
              <FileRef uid="1" />
              <SequencePoints>
                <SequencePoint vc="1" uspid="26" ordinal="0" offset="0" sl="65" sc="9" el="65" ec="10" bec="0" bev="0" fileid="1" />
                <SequencePoint vc="1" uspid="27" ordinal="1" offset="1" sl="66" sc="13" el="66" ec="27" bec="0" bev="0" fileid="1" />
                <SequencePoint vc="1" uspid="28" ordinal="2" offset="3" sl="68" sc="13" el="68" ec="54" bec="0" bev="0" fileid="1" />
                <SequencePoint vc="1" uspid="29" ordinal="3" offset="31" sl="70" sc="13" el="70" ec="35" bec="0" bev="0" fileid="1" />
                <SequencePoint vc="1" uspid="30" ordinal="4" offset="39" sl="71" sc="9" el="71" ec="10" bec="0" bev="0" fileid="1" />
              </SequencePoints>
              <BranchPoints />
              <MethodPoint xsi:type="SequencePoint" vc="1" uspid="26" ordinal="0" offset="0" sl="65" sc="9" el="65" ec="10" bec="0" bev="0" fileid="1" />
            </Method>
            <Method visited="true" cyclomaticComplexity="1" nPathComplexity="0" sequenceCoverage="100" branchCoverage="100" crapScore="1" isConstructor="false" isStatic="false" isGetter="false" isSetter="false">
              <Summary numSequencePoints="5" visitedSequencePoints="5" numBranchPoints="1" visitedBranchPoints="1" sequenceCoverage="100" branchCoverage="100" maxCyclomaticComplexity="1" minCyclomaticComplexity="1" maxCrapScore="1" minCrapScore="1" visitedClasses="0" numClasses="0" visitedMethods="1" numMethods="1" />
              <MetadataToken>100663303</MetadataToken>
              <Name>System.Void Tests.UnitTest1::Stud3()</Name>
              <FileRef uid="1" />
              <SequencePoints>
                <SequencePoint vc="1" uspid="31" ordinal="0" offset="0" sl="75" sc="9" el="75" ec="10" bec="0" bev="0" fileid="1" />
                <SequencePoint vc="1" uspid="32" ordinal="1" offset="1" sl="76" sc="13" el="76" ec="27" bec="0" bev="0" fileid="1" />
                <SequencePoint vc="1" uspid="33" ordinal="2" offset="3" sl="78" sc="13" el="78" ec="54" bec="0" bev="0" fileid="1" />
                <SequencePoint vc="1" uspid="34" ordinal="3" offset="31" sl="80" sc="13" el="80" ec="35" bec="0" bev="0" fileid="1" />
                <SequencePoint vc="1" uspid="35" ordinal="4" offset="39" sl="81" sc="9" el="81" ec="10" bec="0" bev="0" fileid="1" />
              </SequencePoints>
              <BranchPoints />
              <MethodPoint xsi:type="SequencePoint" vc="1" uspid="31" ordinal="0" offset="0" sl="75" sc="9" el="75" ec="10" bec="0" bev="0" fileid="1" />
            </Method>
            <Method visited="true" cyclomaticComplexity="1" nPathComplexity="0" sequenceCoverage="100" branchCoverage="100" crapScore="1" isConstructor="false" isStatic="false" isGetter="false" isSetter="false">
              <Summary numSequencePoints="5" visitedSequencePoints="5" numBranchPoints="1" visitedBranchPoints="1" sequenceCoverage="100" branchCoverage="100" maxCyclomaticComplexity="1" minCyclomaticComplexity="1" maxCrapScore="1" minCrapScore="1" visitedClasses="0" numClasses="0" visitedMethods="1" numMethods="1" />
              <MetadataToken>100663304</MetadataToken>
              <Name>System.Void Tests.UnitTest1::Stud4()</Name>
              <FileRef uid="1" />
              <SequencePoints>
                <SequencePoint vc="1" uspid="36" ordinal="0" offset="0" sl="85" sc="9" el="85" ec="10" bec="0" bev="0" fileid="1" />
                <SequencePoint vc="1" uspid="37" ordinal="1" offset="1" sl="86" sc="13" el="86" ec="28" bec="0" bev="0" fileid="1" />
                <SequencePoint vc="1" uspid="38" ordinal="2" offset="3" sl="88" sc="13" el="88" ec="60" bec="0" bev="0" fileid="1" />
                <SequencePoint vc="1" uspid="39" ordinal="3" offset="25" sl="90" sc="13" el="90" ec="35" bec="0" bev="0" fileid="1" />
                <SequencePoint vc="1" uspid="40" ordinal="4" offset="33" sl="91" sc="9" el="91" ec="10" bec="0" bev="0" fileid="1" />
              </SequencePoints>
              <BranchPoints />
              <MethodPoint xsi:type="SequencePoint" vc="1" uspid="36" ordinal="0" offset="0" sl="85" sc="9" el="85" ec="10" bec="0" bev="0" fileid="1" />
            </Method>
            <Method visited="true" cyclomaticComplexity="1" nPathComplexity="0" sequenceCoverage="100" branchCoverage="100" crapScore="1" isConstructor="false" isStatic="false" isGetter="false" isSetter="false">
              <Summary numSequencePoints="5" visitedSequencePoints="5" numBranchPoints="1" visitedBranchPoints="1" sequenceCoverage="100" branchCoverage="100" maxCyclomaticComplexity="1" minCyclomaticComplexity="1" maxCrapScore="1" minCrapScore="1" visitedClasses="0" numClasses="0" visitedMethods="1" numMethods="1" />
              <MetadataToken>100663305</MetadataToken>
              <Name>System.Void Tests.UnitTest1::PersonKey1()</Name>
              <FileRef uid="1" />
              <SequencePoints>
                <SequencePoint vc="1" uspid="41" ordinal="0" offset="0" sl="95" sc="9" el="95" ec="10" bec="0" bev="0" fileid="1" />
                <SequencePoint vc="1" uspid="42" ordinal="1" offset="1" sl="96" sc="13" el="96" ec="27" bec="0" bev="0" fileid="1" />
                <SequencePoint vc="1" uspid="43" ordinal="2" offset="3" sl="98" sc="13" el="98" ec="60" bec="0" bev="0" fileid="1" />
                <SequencePoint vc="1" uspid="44" ordinal="3" offset="31" sl="100" sc="13" el="100" ec="35" bec="0" bev="0" fileid="1" />
                <SequencePoint vc="1" uspid="45" ordinal="4" offset="39" sl="101" sc="9" el="101" ec="10" bec="0" bev="0" fileid="1" />
              </SequencePoints>
              <BranchPoints />
              <MethodPoint xsi:type="SequencePoint" vc="1" uspid="41" ordinal="0" offset="0" sl="95" sc="9" el="95" ec="10" bec="0" bev="0" fileid="1" />
            </Method>
            <Method visited="true" cyclomaticComplexity="1" nPathComplexity="0" sequenceCoverage="100" branchCoverage="100" crapScore="1" isConstructor="false" isStatic="false" isGetter="false" isSetter="false">
              <Summary numSequencePoints="5" visitedSequencePoints="5" numBranchPoints="1" visitedBranchPoints="1" sequenceCoverage="100" branchCoverage="100" maxCyclomaticComplexity="1" minCyclomaticComplexity="1" maxCrapScore="1" minCrapScore="1" visitedClasses="0" numClasses="0" visitedMethods="1" numMethods="1" />
              <MetadataToken>100663306</MetadataToken>
              <Name>System.Void Tests.UnitTest1::PersonKey2()</Name>
              <FileRef uid="1" />
              <SequencePoints>
                <SequencePoint vc="1" uspid="46" ordinal="0" offset="0" sl="105" sc="9" el="105" ec="10" bec="0" bev="0" fileid="1" />
                <SequencePoint vc="1" uspid="47" ordinal="1" offset="1" sl="106" sc="13" el="106" ec="27" bec="0" bev="0" fileid="1" />
                <SequencePoint vc="1" uspid="48" ordinal="2" offset="3" sl="108" sc="13" el="108" ec="60" bec="0" bev="0" fileid="1" />
                <SequencePoint vc="1" uspid="49" ordinal="3" offset="31" sl="110" sc="13" el="110" ec="35" bec="0" bev="0" fileid="1" />
                <SequencePoint vc="1" uspid="50" ordinal="4" offset="39" sl="111" sc="9" el="111" ec="10" bec="0" bev="0" fileid="1" />
              </SequencePoints>
              <BranchPoints />
              <MethodPoint xsi:type="SequencePoint" vc="1" uspid="46" ordinal="0" offset="0" sl="105" sc="9" el="105" ec="10" bec="0" bev="0" fileid="1" />
            </Method>
            <Method visited="true" cyclomaticComplexity="1" nPathComplexity="0" sequenceCoverage="100" branchCoverage="100" crapScore="1" isConstructor="false" isStatic="false" isGetter="false" isSetter="false">
              <Summary numSequencePoints="5" visitedSequencePoints="5" numBranchPoints="1" visitedBranchPoints="1" sequenceCoverage="100" branchCoverage="100" maxCyclomaticComplexity="1" minCyclomaticComplexity="1" maxCrapScore="1" minCrapScore="1" visitedClasses="0" numClasses="0" visitedMethods="1" numMethods="1" />
              <MetadataToken>100663307</MetadataToken>
              <Name>System.Void Tests.UnitTest1::PersonKey3()</Name>
              <FileRef uid="1" />
              <SequencePoints>
                <SequencePoint vc="1" uspid="51" ordinal="0" offset="0" sl="115" sc="9" el="115" ec="10" bec="0" bev="0" fileid="1" />
                <SequencePoint vc="1" uspid="52" ordinal="1" offset="1" sl="116" sc="13" el="116" ec="27" bec="0" bev="0" fileid="1" />
                <SequencePoint vc="1" uspid="53" ordinal="2" offset="3" sl="118" sc="13" el="118" ec="60" bec="0" bev="0" fileid="1" />
                <SequencePoint vc="1" uspid="54" ordinal="3" offset="31" sl="120" sc="13" el="120" ec="35" bec="0" bev="0" fileid="1" />
                <SequencePoint vc="1" uspid="55" ordinal="4" offset="39" sl="121" sc="9" el="121" ec="10" bec="0" bev="0" fileid="1" />
              </SequencePoints>
              <BranchPoints />
              <MethodPoint xsi:type="SequencePoint" vc="1" uspid="51" ordinal="0" offset="0" sl="115" sc="9" el="115" ec="10" bec="0" bev="0" fileid="1" />
            </Method>
            <Method visited="true" cyclomaticComplexity="1" nPathComplexity="0" sequenceCoverage="100" branchCoverage="100" crapScore="1" isConstructor="false" isStatic="false" isGetter="false" isSetter="false">
              <Summary numSequencePoints="5" visitedSequencePoints="5" numBranchPoints="1" visitedBranchPoints="1" sequenceCoverage="100" branchCoverage="100" maxCyclomaticComplexity="1" minCyclomaticComplexity="1" maxCrapScore="1" minCrapScore="1" visitedClasses="0" numClasses="0" visitedMethods="1" numMethods="1" />
              <MetadataToken>100663308</MetadataToken>
              <Name>System.Void Tests.UnitTest1::PersonKey4()</Name>
              <FileRef uid="1" />
              <SequencePoints>
                <SequencePoint vc="1" uspid="56" ordinal="0" offset="0" sl="125" sc="9" el="125" ec="10" bec="0" bev="0" fileid="1" />
                <SequencePoint vc="1" uspid="57" ordinal="1" offset="1" sl="126" sc="13" el="126" ec="28" bec="0" bev="0" fileid="1" />
                <SequencePoint vc="1" uspid="58" ordinal="2" offset="3" sl="128" sc="13" el="128" ec="65" bec="0" bev="0" fileid="1" />
                <SequencePoint vc="1" uspid="59" ordinal="3" offset="25" sl="130" sc="13" el="130" ec="35" bec="0" bev="0" fileid="1" />
                <SequencePoint vc="1" uspid="60" ordinal="4" offset="33" sl="131" sc="9" el="131" ec="10" bec="0" bev="0" fileid="1" />
              </SequencePoints>
              <BranchPoints />
              <MethodPoint xsi:type="SequencePoint" vc="1" uspid="56" ordinal="0" offset="0" sl="125" sc="9" el="125" ec="10" bec="0" bev="0" fileid="1" />
            </Method>
            <Method visited="true" cyclomaticComplexity="1" nPathComplexity="0" sequenceCoverage="100" branchCoverage="100" crapScore="1" isConstructor="false" isStatic="false" isGetter="false" isSetter="false">
              <Summary numSequencePoints="5" visitedSequencePoints="5" numBranchPoints="1" visitedBranchPoints="1" sequenceCoverage="100" branchCoverage="100" maxCyclomaticComplexity="1" minCyclomaticComplexity="1" maxCrapScore="1" minCrapScore="1" visitedClasses="0" numClasses="0" visitedMethods="1" numMethods="1" />
              <MetadataToken>100663309</MetadataToken>
              <Name>System.Void Tests.UnitTest1::StringKey1()</Name>
              <FileRef uid="1" />
              <SequencePoints>
                <SequencePoint vc="1" uspid="61" ordinal="0" offset="0" sl="135" sc="9" el="135" ec="10" bec="0" bev="0" fileid="1" />
                <SequencePoint vc="1" uspid="62" ordinal="1" offset="1" sl="136" sc="13" el="136" ec="27" bec="0" bev="0" fileid="1" />
                <SequencePoint vc="1" uspid="63" ordinal="2" offset="3" sl="138" sc="13" el="138" ec="62" bec="0" bev="0" fileid="1" />
                <SequencePoint vc="1" uspid="64" ordinal="3" offset="31" sl="140" sc="13" el="140" ec="35" bec="0" bev="0" fileid="1" />
                <SequencePoint vc="1" uspid="65" ordinal="4" offset="39" sl="141" sc="9" el="141" ec="10" bec="0" bev="0" fileid="1" />
              </SequencePoints>
              <BranchPoints />
              <MethodPoint xsi:type="SequencePoint" vc="1" uspid="61" ordinal="0" offset="0" sl="135" sc="9" el="135" ec="10" bec="0" bev="0" fileid="1" />
            </Method>
            <Method visited="true" cyclomaticComplexity="1" nPathComplexity="0" sequenceCoverage="100" branchCoverage="100" crapScore="1" isConstructor="false" isStatic="false" isGetter="false" isSetter="false">
              <Summary numSequencePoints="5" visitedSequencePoints="5" numBranchPoints="1" visitedBranchPoints="1" sequenceCoverage="100" branchCoverage="100" maxCyclomaticComplexity="1" minCyclomaticComplexity="1" maxCrapScore="1" minCrapScore="1" visitedClasses="0" numClasses="0" visitedMethods="1" numMethods="1" />
              <MetadataToken>100663310</MetadataToken>
              <Name>System.Void Tests.UnitTest1::StringKey2()</Name>
              <FileRef uid="1" />
              <SequencePoints>
                <SequencePoint vc="1" uspid="66" ordinal="0" offset="0" sl="145" sc="9" el="145" ec="10" bec="0" bev="0" fileid="1" />
                <SequencePoint vc="1" uspid="67" ordinal="1" offset="1" sl="146" sc="13" el="146" ec="27" bec="0" bev="0" fileid="1" />
                <SequencePoint vc="1" uspid="68" ordinal="2" offset="3" sl="148" sc="13" el="148" ec="62" bec="0" bev="0" fileid="1" />
                <SequencePoint vc="1" uspid="69" ordinal="3" offset="31" sl="150" sc="13" el="150" ec="35" bec="0" bev="0" fileid="1" />
                <SequencePoint vc="1" uspid="70" ordinal="4" offset="39" sl="151" sc="9" el="151" ec="10" bec="0" bev="0" fileid="1" />
              </SequencePoints>
              <BranchPoints />
              <MethodPoint xsi:type="SequencePoint" vc="1" uspid="66" ordinal="0" offset="0" sl="145" sc="9" el="145" ec="10" bec="0" bev="0" fileid="1" />
            </Method>
            <Method visited="true" cyclomaticComplexity="1" nPathComplexity="0" sequenceCoverage="100" branchCoverage="100" crapScore="1" isConstructor="false" isStatic="false" isGetter="false" isSetter="false">
              <Summary numSequencePoints="5" visitedSequencePoints="5" numBranchPoints="1" visitedBranchPoints="1" sequenceCoverage="100" branchCoverage="100" maxCyclomaticComplexity="1" minCyclomaticComplexity="1" maxCrapScore="1" minCrapScore="1" visitedClasses="0" numClasses="0" visitedMethods="1" numMethods="1" />
              <MetadataToken>100663311</MetadataToken>
              <Name>System.Void Tests.UnitTest1::StringKey3()</Name>
              <FileRef uid="1" />
              <SequencePoints>
                <SequencePoint vc="1" uspid="71" ordinal="0" offset="0" sl="155" sc="9" el="155" ec="10" bec="0" bev="0" fileid="1" />
                <SequencePoint vc="1" uspid="72" ordinal="1" offset="1" sl="156" sc="13" el="156" ec="27" bec="0" bev="0" fileid="1" />
                <SequencePoint vc="1" uspid="73" ordinal="2" offset="3" sl="158" sc="13" el="158" ec="62" bec="0" bev="0" fileid="1" />
                <SequencePoint vc="1" uspid="74" ordinal="3" offset="31" sl="160" sc="13" el="160" ec="35" bec="0" bev="0" fileid="1" />
                <SequencePoint vc="1" uspid="75" ordinal="4" offset="39" sl="161" sc="9" el="161" ec="10" bec="0" bev="0" fileid="1" />
              </SequencePoints>
              <BranchPoints />
              <MethodPoint xsi:type="SequencePoint" vc="1" uspid="71" ordinal="0" offset="0" sl="155" sc="9" el="155" ec="10" bec="0" bev="0" fileid="1" />
            </Method>
            <Method visited="true" cyclomaticComplexity="1" nPathComplexity="0" sequenceCoverage="100" branchCoverage="100" crapScore="1" isConstructor="false" isStatic="false" isGetter="false" isSetter="false">
              <Summary numSequencePoints="5" visitedSequencePoints="5" numBranchPoints="1" visitedBranchPoints="1" sequenceCoverage="100" branchCoverage="100" maxCyclomaticComplexity="1" minCyclomaticComplexity="1" maxCrapScore="1" minCrapScore="1" visitedClasses="0" numClasses="0" visitedMethods="1" numMethods="1" />
              <MetadataToken>100663312</MetadataToken>
              <Name>System.Void Tests.UnitTest1::StringKey4()</Name>
              <FileRef uid="1" />
              <SequencePoints>
                <SequencePoint vc="1" uspid="76" ordinal="0" offset="0" sl="165" sc="9" el="165" ec="10" bec="0" bev="0" fileid="1" />
                <SequencePoint vc="1" uspid="77" ordinal="1" offset="1" sl="166" sc="13" el="166" ec="28" bec="0" bev="0" fileid="1" />
                <SequencePoint vc="1" uspid="78" ordinal="2" offset="3" sl="168" sc="13" el="168" ec="70" bec="0" bev="0" fileid="1" />
                <SequencePoint vc="1" uspid="79" ordinal="3" offset="25" sl="170" sc="13" el="170" ec="35" bec="0" bev="0" fileid="1" />
                <SequencePoint vc="1" uspid="80" ordinal="4" offset="33" sl="171" sc="9" el="171" ec="10" bec="0" bev="0" fileid="1" />
              </SequencePoints>
              <BranchPoints />
              <MethodPoint xsi:type="SequencePoint" vc="1" uspid="76" ordinal="0" offset="0" sl="165" sc="9" el="165" ec="10" bec="0" bev="0" fileid="1" />
            </Method>
            <Method visited="true" cyclomaticComplexity="1" nPathComplexity="0" sequenceCoverage="100" branchCoverage="100" crapScore="1" isConstructor="false" isStatic="false" isGetter="false" isSetter="false">
              <Summary numSequencePoints="5" visitedSequencePoints="5" numBranchPoints="1" visitedBranchPoints="1" sequenceCoverage="100" branchCoverage="100" maxCyclomaticComplexity="1" minCyclomaticComplexity="1" maxCrapScore="1" minCrapScore="1" visitedClasses="0" numClasses="0" visitedMethods="1" numMethods="1" />
              <MetadataToken>100663313</MetadataToken>
              <Name>System.Void Tests.UnitTest1::SttudValue1()</Name>
              <FileRef uid="1" />
              <SequencePoints>
                <SequencePoint vc="1" uspid="81" ordinal="0" offset="0" sl="175" sc="9" el="175" ec="10" bec="0" bev="0" fileid="1" />
                <SequencePoint vc="1" uspid="82" ordinal="1" offset="1" sl="176" sc="13" el="176" ec="27" bec="0" bev="0" fileid="1" />
                <SequencePoint vc="1" uspid="83" ordinal="2" offset="3" sl="178" sc="13" el="178" ec="62" bec="0" bev="0" fileid="1" />
                <SequencePoint vc="1" uspid="84" ordinal="3" offset="31" sl="180" sc="13" el="180" ec="35" bec="0" bev="0" fileid="1" />
                <SequencePoint vc="1" uspid="85" ordinal="4" offset="39" sl="181" sc="9" el="181" ec="10" bec="0" bev="0" fileid="1" />
              </SequencePoints>
              <BranchPoints />
              <MethodPoint xsi:type="SequencePoint" vc="1" uspid="81" ordinal="0" offset="0" sl="175" sc="9" el="175" ec="10" bec="0" bev="0" fileid="1" />
            </Method>
            <Method visited="true" cyclomaticComplexity="1" nPathComplexity="0" sequenceCoverage="100" branchCoverage="100" crapScore="1" isConstructor="false" isStatic="false" isGetter="false" isSetter="false">
              <Summary numSequencePoints="5" visitedSequencePoints="5" numBranchPoints="1" visitedBranchPoints="1" sequenceCoverage="100" branchCoverage="100" maxCyclomaticComplexity="1" minCyclomaticComplexity="1" maxCrapScore="1" minCrapScore="1" visitedClasses="0" numClasses="0" visitedMethods="1" numMethods="1" />
              <MetadataToken>100663314</MetadataToken>
              <Name>System.Void Tests.UnitTest1::SttudValue2()</Name>
              <FileRef uid="1" />
              <SequencePoints>
                <SequencePoint vc="1" uspid="86" ordinal="0" offset="0" sl="185" sc="9" el="185" ec="10" bec="0" bev="0" fileid="1" />
                <SequencePoint vc="1" uspid="87" ordinal="1" offset="1" sl="186" sc="13" el="186" ec="27" bec="0" bev="0" fileid="1" />
                <SequencePoint vc="1" uspid="88" ordinal="2" offset="3" sl="188" sc="13" el="188" ec="62" bec="0" bev="0" fileid="1" />
                <SequencePoint vc="1" uspid="89" ordinal="3" offset="31" sl="190" sc="13" el="190" ec="35" bec="0" bev="0" fileid="1" />
                <SequencePoint vc="1" uspid="90" ordinal="4" offset="39" sl="191" sc="9" el="191" ec="10" bec="0" bev="0" fileid="1" />
              </SequencePoints>
              <BranchPoints />
              <MethodPoint xsi:type="SequencePoint" vc="1" uspid="86" ordinal="0" offset="0" sl="185" sc="9" el="185" ec="10" bec="0" bev="0" fileid="1" />
            </Method>
            <Method visited="true" cyclomaticComplexity="1" nPathComplexity="0" sequenceCoverage="100" branchCoverage="100" crapScore="1" isConstructor="false" isStatic="false" isGetter="false" isSetter="false">
              <Summary numSequencePoints="5" visitedSequencePoints="5" numBranchPoints="1" visitedBranchPoints="1" sequenceCoverage="100" branchCoverage="100" maxCyclomaticComplexity="1" minCyclomaticComplexity="1" maxCrapScore="1" minCrapScore="1" visitedClasses="0" numClasses="0" visitedMethods="1" numMethods="1" />
              <MetadataToken>100663315</MetadataToken>
              <Name>System.Void Tests.UnitTest1::SttudValue3()</Name>
              <FileRef uid="1" />
              <SequencePoints>
                <SequencePoint vc="1" uspid="91" ordinal="0" offset="0" sl="195" sc="9" el="195" ec="10" bec="0" bev="0" fileid="1" />
                <SequencePoint vc="1" uspid="92" ordinal="1" offset="1" sl="196" sc="13" el="196" ec="27" bec="0" bev="0" fileid="1" />
                <SequencePoint vc="1" uspid="93" ordinal="2" offset="3" sl="198" sc="13" el="198" ec="62" bec="0" bev="0" fileid="1" />
                <SequencePoint vc="1" uspid="94" ordinal="3" offset="31" sl="200" sc="13" el="200" ec="35" bec="0" bev="0" fileid="1" />
                <SequencePoint vc="1" uspid="95" ordinal="4" offset="39" sl="201" sc="9" el="201" ec="10" bec="0" bev="0" fileid="1" />
              </SequencePoints>
              <BranchPoints />
              <MethodPoint xsi:type="SequencePoint" vc="1" uspid="91" ordinal="0" offset="0" sl="195" sc="9" el="195" ec="10" bec="0" bev="0" fileid="1" />
            </Method>
            <Method visited="true" cyclomaticComplexity="1" nPathComplexity="0" sequenceCoverage="100" branchCoverage="100" crapScore="1" isConstructor="false" isStatic="false" isGetter="false" isSetter="false">
              <Summary numSequencePoints="5" visitedSequencePoints="5" numBranchPoints="1" visitedBranchPoints="1" sequenceCoverage="100" branchCoverage="100" maxCyclomaticComplexity="1" minCyclomaticComplexity="1" maxCrapScore="1" minCrapScore="1" visitedClasses="0" numClasses="0" visitedMethods="1" numMethods="1" />
              <MetadataToken>100663316</MetadataToken>
              <Name>System.Void Tests.UnitTest1::SttudValue4()</Name>
              <FileRef uid="1" />
              <SequencePoints>
                <SequencePoint vc="1" uspid="96" ordinal="0" offset="0" sl="205" sc="9" el="205" ec="10" bec="0" bev="0" fileid="1" />
                <SequencePoint vc="1" uspid="97" ordinal="1" offset="1" sl="206" sc="13" el="206" ec="28" bec="0" bev="0" fileid="1" />
                <SequencePoint vc="1" uspid="98" ordinal="2" offset="3" sl="208" sc="13" el="208" ec="68" bec="0" bev="0" fileid="1" />
                <SequencePoint vc="1" uspid="99" ordinal="3" offset="25" sl="210" sc="13" el="210" ec="35" bec="0" bev="0" fileid="1" />
                <SequencePoint vc="1" uspid="100" ordinal="4" offset="33" sl="211" sc="9" el="211" ec="10" bec="0" bev="0" fileid="1" />
              </SequencePoints>
              <BranchPoints />
              <MethodPoint xsi:type="SequencePoint" vc="1" uspid="96" ordinal="0" offset="0" sl="205" sc="9" el="205" ec="10" bec="0" bev="0" fileid="1" />
            </Method>
            <Method visited="true" cyclomaticComplexity="1" nPathComplexity="0" sequenceCoverage="100" branchCoverage="100" crapScore="1" isConstructor="true" isStatic="false" isGetter="false" isSetter="false">
              <Summary numSequencePoints="1" visitedSequencePoints="1" numBranchPoints="1" visitedBranchPoints="1" sequenceCoverage="100" branchCoverage="100" maxCyclomaticComplexity="1" minCyclomaticComplexity="1" maxCrapScore="1" minCrapScore="1" visitedClasses="0" numClasses="0" visitedMethods="1" numMethods="1" />
              <MetadataToken>100663317</MetadataToken>
              <Name>System.Void Tests.UnitTest1::.ctor()</Name>
              <FileRef uid="1" />
              <SequencePoints>
                <SequencePoint vc="20" uspid="101" ordinal="0" offset="0" sl="11" sc="9" el="11" ec="65" bec="0" bev="0" fileid="1" />
              </SequencePoints>
              <BranchPoints />
              <MethodPoint xsi:type="SequencePoint" vc="20" uspid="101" ordinal="0" offset="0" sl="11" sc="9" el="11" ec="65" bec="0" bev="0" fileid="1" />
            </Method>
          </Methods>
        </Class>
      </Classes>
    </Module>
    <Module hash="7E-BF-0C-78-12-23-94-78-21-7D-FC-BF-8F-39-60-B9-86-79-DB-B2">
      <Summary numSequencePoints="560" visitedSequencePoints="51" numBranchPoints="150" visitedBranchPoints="10" sequenceCoverage="9.11" branchCoverage="6.67" maxCyclomaticComplexity="20" minCyclomaticComplexity="1" maxCrapScore="420" minCrapScore="1" visitedClasses="1" numClasses="2" visitedMethods="2" numMethods="29" />
      <ModulePath>D:\labsC#\laba11\laba11\Tests\bin\Debug\fine-code-coverage\build-output\laba11.exe</ModulePath>
      <ModuleTime>2021-03-24T15:44:00.0972652Z</ModuleTime>
      <ModuleName>laba11</ModuleName>
      <Files>
        <File uid="3" fullPath="D:\labsC#\laba11\laba11\laba11\Program.cs" />
        <File uid="4" fullPath="D:\labsC#\laba11\laba11\laba11\TestCollections.cs" />
      </Files>
      <Classes>
        <Class>
          <Summary numSequencePoints="509" visitedSequencePoints="0" numBranchPoints="140" visitedBranchPoints="0" sequenceCoverage="0" branchCoverage="0" maxCyclomaticComplexity="20" minCyclomaticComplexity="1" maxCrapScore="420" minCrapScore="2" visitedClasses="0" numClasses="1" visitedMethods="0" numMethods="27" />
          <FullName>laba11.Program</FullName>
          <Methods>
            <Method visited="false" cyclomaticComplexity="3" nPathComplexity="4" sequenceCoverage="0" branchCoverage="0" crapScore="12" isConstructor="false" isStatic="true" isGetter="false" isSetter="false">
              <Summary numSequencePoints="11" visitedSequencePoints="0" numBranchPoints="5" visitedBranchPoints="0" sequenceCoverage="0" branchCoverage="0" maxCyclomaticComplexity="3" minCyclomaticComplexity="3" maxCrapScore="12" minCrapScore="12" visitedClasses="0" numClasses="0" visitedMethods="0" numMethods="1" />
              <MetadataToken>100663297</MetadataToken>
              <Name>System.Int32 laba11.Program::ParseInt(System.String)</Name>
              <FileRef uid="3" />
              <SequencePoints>
                <SequencePoint vc="0" uspid="102" ordinal="0" offset="0" sl="15" sc="9" el="15" ec="10" bec="0" bev="0" fileid="3" />
                <SequencePoint vc="0" uspid="103" ordinal="1" offset="1" sl="18" sc="13" el="18" ec="34" bec="0" bev="0" fileid="3" />
                <SequencePoint vc="0" uspid="104" ordinal="2" offset="8" sl="20" sc="13" el="20" ec="14" bec="0" bev="0" fileid="3" />
                <SequencePoint vc="0" uspid="105" ordinal="3" offset="9" sl="21" sc="17" el="21" ec="49" bec="0" bev="0" fileid="3" />
                <SequencePoint vc="0" uspid="106" ordinal="4" offset="15" sl="22" sc="17" el="22" ec="47" bec="0" bev="0" fileid="3" />
                <SequencePoint vc="0" uspid="107" ordinal="5" offset="24" sl="23" sc="17" el="23" ec="25" bec="2" bev="0" fileid="3" />
                <SequencePoint vc="0" uspid="108" ordinal="6" offset="32" sl="24" sc="21" el="24" ec="67" bec="0" bev="0" fileid="3" />
                <SequencePoint vc="0" uspid="109" ordinal="7" offset="43" sl="25" sc="13" el="25" ec="14" bec="0" bev="0" fileid="3" />
                <SequencePoint vc="0" uspid="110" ordinal="8" offset="44" sl="26" sc="13" el="26" ec="25" bec="2" bev="0" fileid="3" />
                <SequencePoint vc="0" uspid="111" ordinal="9" offset="54" sl="27" sc="13" el="27" ec="22" bec="0" bev="0" fileid="3" />
                <SequencePoint vc="0" uspid="112" ordinal="10" offset="59" sl="28" sc="9" el="28" ec="10" bec="0" bev="0" fileid="3" />
              </SequencePoints>
              <BranchPoints>
                <BranchPoint vc="0" uspid="113" ordinal="0" offset="30" sl="23" path="0" offsetend="32" fileid="3" />
                <BranchPoint vc="0" uspid="114" ordinal="1" offset="30" sl="23" path="1" offsetend="43" fileid="3" />
                <BranchPoint vc="0" uspid="115" ordinal="2" offset="52" sl="26" path="0" offsetend="54" fileid="3" />
                <BranchPoint vc="0" uspid="116" ordinal="3" offset="52" sl="26" path="1" offsetend="8" fileid="3" />
              </BranchPoints>
              <MethodPoint xsi:type="SequencePoint" vc="0" uspid="102" ordinal="0" offset="0" sl="15" sc="9" el="15" ec="10" bec="0" bev="0" fileid="3" />
            </Method>
            <Method visited="false" cyclomaticComplexity="3" nPathComplexity="4" sequenceCoverage="0" branchCoverage="0" crapScore="12" isConstructor="false" isStatic="true" isGetter="false" isSetter="false">
              <Summary numSequencePoints="11" visitedSequencePoints="0" numBranchPoints="5" visitedBranchPoints="0" sequenceCoverage="0" branchCoverage="0" maxCyclomaticComplexity="3" minCyclomaticComplexity="3" maxCrapScore="12" minCrapScore="12" visitedClasses="0" numClasses="0" visitedMethods="0" numMethods="1" />
              <MetadataToken>100663298</MetadataToken>
              <Name>System.Double laba11.Program::ParseDouble(System.String)</Name>
              <FileRef uid="3" />
              <SequencePoints>
                <SequencePoint vc="0" uspid="117" ordinal="0" offset="0" sl="31" sc="9" el="31" ec="10" bec="0" bev="0" fileid="3" />
                <SequencePoint vc="0" uspid="118" ordinal="1" offset="1" sl="34" sc="13" el="34" ec="38" bec="0" bev="0" fileid="3" />
                <SequencePoint vc="0" uspid="119" ordinal="2" offset="8" sl="36" sc="13" el="36" ec="14" bec="0" bev="0" fileid="3" />
                <SequencePoint vc="0" uspid="120" ordinal="3" offset="9" sl="37" sc="17" el="37" ec="49" bec="0" bev="0" fileid="3" />
                <SequencePoint vc="0" uspid="121" ordinal="4" offset="15" sl="38" sc="17" el="38" ec="50" bec="0" bev="0" fileid="3" />
                <SequencePoint vc="0" uspid="122" ordinal="5" offset="24" sl="39" sc="17" el="39" ec="25" bec="2" bev="0" fileid="3" />
                <SequencePoint vc="0" uspid="123" ordinal="6" offset="32" sl="40" sc="21" el="40" ec="67" bec="0" bev="0" fileid="3" />
                <SequencePoint vc="0" uspid="124" ordinal="7" offset="43" sl="41" sc="13" el="41" ec="14" bec="0" bev="0" fileid="3" />
                <SequencePoint vc="0" uspid="125" ordinal="8" offset="44" sl="42" sc="13" el="42" ec="25" bec="2" bev="0" fileid="3" />
                <SequencePoint vc="0" uspid="126" ordinal="9" offset="54" sl="43" sc="13" el="43" ec="22" bec="0" bev="0" fileid="3" />
                <SequencePoint vc="0" uspid="127" ordinal="10" offset="59" sl="44" sc="9" el="44" ec="10" bec="0" bev="0" fileid="3" />
              </SequencePoints>
              <BranchPoints>
                <BranchPoint vc="0" uspid="128" ordinal="0" offset="30" sl="39" path="0" offsetend="32" fileid="3" />
                <BranchPoint vc="0" uspid="129" ordinal="1" offset="30" sl="39" path="1" offsetend="43" fileid="3" />
                <BranchPoint vc="0" uspid="130" ordinal="2" offset="52" sl="42" path="0" offsetend="54" fileid="3" />
                <BranchPoint vc="0" uspid="131" ordinal="3" offset="52" sl="42" path="1" offsetend="8" fileid="3" />
              </BranchPoints>
              <MethodPoint xsi:type="SequencePoint" vc="0" uspid="117" ordinal="0" offset="0" sl="31" sc="9" el="31" ec="10" bec="0" bev="0" fileid="3" />
            </Method>
            <Method visited="false" cyclomaticComplexity="4" nPathComplexity="8" sequenceCoverage="0" branchCoverage="0" crapScore="20" isConstructor="false" isStatic="true" isGetter="false" isSetter="false">
              <Summary numSequencePoints="31" visitedSequencePoints="0" numBranchPoints="7" visitedBranchPoints="0" sequenceCoverage="0" branchCoverage="0" maxCyclomaticComplexity="4" minCyclomaticComplexity="4" maxCrapScore="20" minCrapScore="20" visitedClasses="0" numClasses="0" visitedMethods="0" numMethods="1" />
              <MetadataToken>100663299</MetadataToken>
              <Name>System.Collections.SortedList laba11.Program::CreateSortedList()</Name>
              <FileRef uid="3" />
              <SequencePoints>
                <SequencePoint vc="0" uspid="132" ordinal="0" offset="0" sl="55" sc="9" el="55" ec="10" bec="0" bev="0" fileid="3" />
                <SequencePoint vc="0" uspid="133" ordinal="1" offset="1" sl="56" sc="13" el="56" ec="54" bec="0" bev="0" fileid="3" />
                <SequencePoint vc="0" uspid="134" ordinal="2" offset="7" sl="58" sc="18" el="58" ec="27" bec="0" bev="0" fileid="3" />
                <SequencePoint vc="0" uspid="135" ordinal="3" offset="11" sl="59" sc="13" el="59" ec="14" bec="0" bev="0" fileid="3" />
                <SequencePoint vc="0" uspid="136" ordinal="4" offset="12" sl="60" sc="17" el="60" ec="60" bec="0" bev="0" fileid="3" />
                <SequencePoint vc="0" uspid="137" ordinal="5" offset="35" sl="61" sc="17" el="61" ec="47" bec="0" bev="0" fileid="3" />
                <SequencePoint vc="0" uspid="138" ordinal="6" offset="41" sl="62" sc="17" el="62" ec="51" bec="0" bev="0" fileid="3" />
                <SequencePoint vc="0" uspid="139" ordinal="7" offset="54" sl="63" sc="17" el="63" ec="38" bec="0" bev="0" fileid="3" />
                <SequencePoint vc="0" uspid="140" ordinal="8" offset="64" sl="64" sc="13" el="64" ec="14" bec="0" bev="0" fileid="3" />
                <SequencePoint vc="0" uspid="141" ordinal="9" offset="65" sl="58" sc="36" el="58" ec="39" bec="0" bev="0" fileid="3" />
                <SequencePoint vc="0" uspid="142" ordinal="10" offset="69" sl="58" sc="29" el="58" ec="34" bec="2" bev="0" fileid="3" />
                <SequencePoint vc="0" uspid="143" ordinal="11" offset="79" sl="66" sc="18" el="66" ec="27" bec="0" bev="0" fileid="3" />
                <SequencePoint vc="0" uspid="144" ordinal="12" offset="84" sl="67" sc="13" el="67" ec="14" bec="0" bev="0" fileid="3" />
                <SequencePoint vc="0" uspid="145" ordinal="13" offset="85" sl="68" sc="17" el="68" ec="59" bec="0" bev="0" fileid="3" />
                <SequencePoint vc="0" uspid="146" ordinal="14" offset="110" sl="69" sc="17" el="69" ec="45" bec="0" bev="0" fileid="3" />
                <SequencePoint vc="0" uspid="147" ordinal="15" offset="117" sl="70" sc="17" el="70" ec="49" bec="0" bev="0" fileid="3" />
                <SequencePoint vc="0" uspid="148" ordinal="16" offset="131" sl="71" sc="17" el="71" ec="38" bec="0" bev="0" fileid="3" />
                <SequencePoint vc="0" uspid="149" ordinal="17" offset="142" sl="72" sc="13" el="72" ec="14" bec="0" bev="0" fileid="3" />
                <SequencePoint vc="0" uspid="150" ordinal="18" offset="143" sl="66" sc="36" el="66" ec="39" bec="0" bev="0" fileid="3" />
                <SequencePoint vc="0" uspid="151" ordinal="19" offset="149" sl="66" sc="29" el="66" ec="34" bec="2" bev="0" fileid="3" />
                <SequencePoint vc="0" uspid="152" ordinal="20" offset="160" sl="74" sc="18" el="74" ec="27" bec="0" bev="0" fileid="3" />
                <SequencePoint vc="0" uspid="153" ordinal="21" offset="165" sl="75" sc="13" el="75" ec="14" bec="0" bev="0" fileid="3" />
                <SequencePoint vc="0" uspid="154" ordinal="22" offset="166" sl="76" sc="17" el="76" ec="59" bec="0" bev="0" fileid="3" />
                <SequencePoint vc="0" uspid="155" ordinal="23" offset="191" sl="77" sc="17" el="77" ec="73" bec="0" bev="0" fileid="3" />
                <SequencePoint vc="0" uspid="156" ordinal="24" offset="198" sl="78" sc="17" el="78" ec="77" bec="0" bev="0" fileid="3" />
                <SequencePoint vc="0" uspid="157" ordinal="25" offset="212" sl="79" sc="17" el="79" ec="38" bec="0" bev="0" fileid="3" />
                <SequencePoint vc="0" uspid="158" ordinal="26" offset="223" sl="80" sc="13" el="80" ec="14" bec="0" bev="0" fileid="3" />
                <SequencePoint vc="0" uspid="159" ordinal="27" offset="224" sl="74" sc="36" el="74" ec="39" bec="0" bev="0" fileid="3" />
                <SequencePoint vc="0" uspid="160" ordinal="28" offset="230" sl="74" sc="29" el="74" ec="34" bec="2" bev="0" fileid="3" />
                <SequencePoint vc="0" uspid="161" ordinal="29" offset="241" sl="83" sc="13" el="83" ec="31" bec="0" bev="0" fileid="3" />
                <SequencePoint vc="0" uspid="162" ordinal="30" offset="246" sl="84" sc="9" el="84" ec="10" bec="0" bev="0" fileid="3" />
              </SequencePoints>
              <BranchPoints>
                <BranchPoint vc="0" uspid="163" ordinal="0" offset="77" sl="58" path="0" offsetend="79" fileid="3" />
                <BranchPoint vc="0" uspid="164" ordinal="1" offset="77" sl="58" path="1" offsetend="11" fileid="3" />
                <BranchPoint vc="0" uspid="165" ordinal="2" offset="158" sl="66" path="0" offsetend="160" fileid="3" />
                <BranchPoint vc="0" uspid="166" ordinal="3" offset="158" sl="66" path="1" offsetend="84" fileid="3" />
                <BranchPoint vc="0" uspid="167" ordinal="4" offset="239" sl="74" path="0" offsetend="241" fileid="3" />
                <BranchPoint vc="0" uspid="168" ordinal="5" offset="239" sl="74" path="1" offsetend="165" fileid="3" />
              </BranchPoints>
              <MethodPoint xsi:type="SequencePoint" vc="0" uspid="132" ordinal="0" offset="0" sl="55" sc="9" el="55" ec="10" bec="0" bev="0" fileid="3" />
            </Method>
            <Method visited="false" cyclomaticComplexity="1" nPathComplexity="0" sequenceCoverage="0" branchCoverage="0" crapScore="2" isConstructor="false" isStatic="true" isGetter="false" isSetter="false">
              <Summary numSequencePoints="12" visitedSequencePoints="0" numBranchPoints="1" visitedBranchPoints="0" sequenceCoverage="0" branchCoverage="0" maxCyclomaticComplexity="1" minCyclomaticComplexity="1" maxCrapScore="2" minCrapScore="2" visitedClasses="0" numClasses="0" visitedMethods="0" numMethods="1" />
              <MetadataToken>100663300</MetadataToken>
              <Name>System.Void laba11.Program::menu1()</Name>
              <FileRef uid="3" />
              <SequencePoints>
                <SequencePoint vc="0" uspid="169" ordinal="0" offset="0" sl="87" sc="9" el="87" ec="10" bec="0" bev="0" fileid="3" />
                <SequencePoint vc="0" uspid="170" ordinal="1" offset="1" sl="88" sc="13" el="88" ec="75" bec="0" bev="0" fileid="3" />
                <SequencePoint vc="0" uspid="171" ordinal="2" offset="12" sl="89" sc="13" el="89" ec="54" bec="0" bev="0" fileid="3" />
                <SequencePoint vc="0" uspid="172" ordinal="3" offset="23" sl="90" sc="13" el="90" ec="55" bec="0" bev="0" fileid="3" />
                <SequencePoint vc="0" uspid="173" ordinal="4" offset="34" sl="91" sc="13" el="91" ec="57" bec="0" bev="0" fileid="3" />
                <SequencePoint vc="0" uspid="174" ordinal="5" offset="45" sl="92" sc="13" el="92" ec="100" bec="0" bev="0" fileid="3" />
                <SequencePoint vc="0" uspid="175" ordinal="6" offset="56" sl="93" sc="13" el="93" ec="82" bec="0" bev="0" fileid="3" />
                <SequencePoint vc="0" uspid="176" ordinal="7" offset="67" sl="94" sc="13" el="94" ec="89" bec="0" bev="0" fileid="3" />
                <SequencePoint vc="0" uspid="177" ordinal="8" offset="78" sl="95" sc="13" el="95" ec="51" bec="0" bev="0" fileid="3" />
                <SequencePoint vc="0" uspid="178" ordinal="9" offset="89" sl="96" sc="13" el="96" ec="56" bec="0" bev="0" fileid="3" />
                <SequencePoint vc="0" uspid="179" ordinal="10" offset="100" sl="97" sc="13" el="97" ec="75" bec="0" bev="0" fileid="3" />
                <SequencePoint vc="0" uspid="180" ordinal="11" offset="111" sl="98" sc="9" el="98" ec="10" bec="0" bev="0" fileid="3" />
              </SequencePoints>
              <BranchPoints />
              <MethodPoint xsi:type="SequencePoint" vc="0" uspid="169" ordinal="0" offset="0" sl="87" sc="9" el="87" ec="10" bec="0" bev="0" fileid="3" />
            </Method>
            <Method visited="false" cyclomaticComplexity="4" nPathComplexity="8" sequenceCoverage="0" branchCoverage="0" crapScore="20" isConstructor="false" isStatic="true" isGetter="false" isSetter="false">
              <Summary numSequencePoints="12" visitedSequencePoints="0" numBranchPoints="7" visitedBranchPoints="0" sequenceCoverage="0" branchCoverage="0" maxCyclomaticComplexity="4" minCyclomaticComplexity="4" maxCrapScore="20" minCrapScore="20" visitedClasses="0" numClasses="0" visitedMethods="0" numMethods="1" />
              <MetadataToken>100663301</MetadataToken>
              <Name>System.Collections.SortedList laba11.Program::DeleteElementByKey(System.Collections.SortedList)</Name>
              <FileRef uid="3" />
              <SequencePoints>
                <SequencePoint vc="0" uspid="181" ordinal="0" offset="0" sl="101" sc="9" el="101" ec="10" bec="0" bev="0" fileid="3" />
                <SequencePoint vc="0" uspid="182" ordinal="1" offset="1" sl="102" sc="13" el="102" ec="65" bec="4" bev="0" fileid="3" />
                <SequencePoint vc="0" uspid="183" ordinal="2" offset="20" sl="103" sc="13" el="103" ec="14" bec="0" bev="0" fileid="3" />
                <SequencePoint vc="0" uspid="184" ordinal="3" offset="21" sl="104" sc="17" el="104" ec="90" bec="0" bev="0" fileid="3" />
                <SequencePoint vc="0" uspid="185" ordinal="4" offset="32" sl="105" sc="17" el="105" ec="49" bec="0" bev="0" fileid="3" />
                <SequencePoint vc="0" uspid="186" ordinal="5" offset="38" sl="106" sc="17" el="106" ec="49" bec="2" bev="0" fileid="3" />
                <SequencePoint vc="0" uspid="187" ordinal="6" offset="49" sl="107" sc="21" el="107" ec="44" bec="0" bev="0" fileid="3" />
                <SequencePoint vc="0" uspid="188" ordinal="7" offset="59" sl="109" sc="21" el="109" ec="70" bec="0" bev="0" fileid="3" />
                <SequencePoint vc="0" uspid="189" ordinal="8" offset="70" sl="110" sc="13" el="110" ec="14" bec="0" bev="0" fileid="3" />
                <SequencePoint vc="0" uspid="190" ordinal="9" offset="73" sl="112" sc="17" el="112" ec="82" bec="0" bev="0" fileid="3" />
                <SequencePoint vc="0" uspid="191" ordinal="10" offset="84" sl="113" sc="13" el="113" ec="31" bec="0" bev="0" fileid="3" />
                <SequencePoint vc="0" uspid="192" ordinal="11" offset="88" sl="114" sc="9" el="114" ec="10" bec="0" bev="0" fileid="3" />
              </SequencePoints>
              <BranchPoints>
                <BranchPoint vc="0" uspid="193" ordinal="0" offset="2" sl="102" path="0" offsetend="4" fileid="3" />
                <BranchPoint vc="0" uspid="194" ordinal="1" offset="2" sl="102" path="1" offsetend="15" fileid="3" />
                <BranchPoint vc="0" uspid="195" ordinal="2" offset="18" sl="102" path="0" offsetend="20" fileid="3" />
                <BranchPoint vc="0" uspid="196" ordinal="3" offset="18" sl="102" path="1" offsetend="73" fileid="3" />
                <BranchPoint vc="0" uspid="197" ordinal="4" offset="47" sl="106" path="0" offsetend="49" fileid="3" />
                <BranchPoint vc="0" uspid="198" ordinal="5" offset="47" sl="106" path="1" offsetend="59" fileid="3" />
              </BranchPoints>
              <MethodPoint xsi:type="SequencePoint" vc="0" uspid="181" ordinal="0" offset="0" sl="101" sc="9" el="101" ec="10" bec="0" bev="0" fileid="3" />
            </Method>
            <Method visited="false" cyclomaticComplexity="7" nPathComplexity="16" sequenceCoverage="0" branchCoverage="0" crapScore="56" isConstructor="false" isStatic="true" isGetter="false" isSetter="false">
              <Summary numSequencePoints="33" visitedSequencePoints="0" numBranchPoints="9" visitedBranchPoints="0" sequenceCoverage="0" branchCoverage="0" maxCyclomaticComplexity="7" minCyclomaticComplexity="7" maxCrapScore="56" minCrapScore="56" visitedClasses="0" numClasses="0" visitedMethods="0" numMethods="1" />
              <MetadataToken>100663302</MetadataToken>
              <Name>System.Collections.SortedList laba11.Program::AddElementByKey(System.Collections.SortedList)</Name>
              <FileRef uid="3" />
              <SequencePoints>
                <SequencePoint vc="0" uspid="199" ordinal="0" offset="0" sl="117" sc="9" el="117" ec="10" bec="0" bev="0" fileid="3" />
                <SequencePoint vc="0" uspid="200" ordinal="1" offset="1" sl="118" sc="13" el="118" ec="29" bec="0" bev="0" fileid="3" />
                <SequencePoint vc="0" uspid="201" ordinal="2" offset="8" sl="121" sc="13" el="121" ec="14" bec="0" bev="0" fileid="3" />
                <SequencePoint vc="0" uspid="202" ordinal="3" offset="9" sl="122" sc="17" el="122" ec="129" bec="0" bev="0" fileid="3" />
                <SequencePoint vc="0" uspid="203" ordinal="4" offset="20" sl="123" sc="17" el="123" ec="27" bec="0" bev="0" fileid="3" />
                <SequencePoint vc="0" uspid="204" ordinal="5" offset="22" sl="124" sc="17" el="124" ec="27" bec="4" bev="0" fileid="3" />
                <SequencePoint vc="0" uspid="205" ordinal="6" offset="55" sl="127" sc="25" el="127" ec="57" bec="0" bev="0" fileid="3" />
                <SequencePoint vc="0" uspid="206" ordinal="7" offset="61" sl="128" sc="25" el="128" ec="59" bec="0" bev="0" fileid="3" />
                <SequencePoint vc="0" uspid="207" ordinal="8" offset="73" sl="129" sc="25" el="129" ec="68" bec="0" bev="0" fileid="3" />
                <SequencePoint vc="0" uspid="208" ordinal="9" offset="94" sl="130" sc="25" el="130" ec="54" bec="0" bev="0" fileid="3" />
                <SequencePoint vc="0" uspid="209" ordinal="10" offset="103" sl="131" sc="25" el="131" ec="41" bec="0" bev="0" fileid="3" />
                <SequencePoint vc="0" uspid="210" ordinal="11" offset="115" sl="132" sc="25" el="132" ec="31" bec="0" bev="0" fileid="3" />
                <SequencePoint vc="0" uspid="211" ordinal="12" offset="120" sl="134" sc="25" el="134" ec="92" bec="0" bev="0" fileid="3" />
                <SequencePoint vc="0" uspid="212" ordinal="13" offset="127" sl="135" sc="25" el="135" ec="87" bec="0" bev="0" fileid="3" />
                <SequencePoint vc="0" uspid="213" ordinal="14" offset="141" sl="136" sc="26" el="136" ec="67" bec="0" bev="0" fileid="3" />
                <SequencePoint vc="0" uspid="214" ordinal="15" offset="162" sl="137" sc="25" el="137" ec="61" bec="0" bev="0" fileid="3" />
                <SequencePoint vc="0" uspid="215" ordinal="16" offset="172" sl="138" sc="25" el="138" ec="39" bec="0" bev="0" fileid="3" />
                <SequencePoint vc="0" uspid="216" ordinal="17" offset="184" sl="139" sc="25" el="139" ec="31" bec="0" bev="0" fileid="3" />
                <SequencePoint vc="0" uspid="217" ordinal="18" offset="186" sl="141" sc="25" el="141" ec="60" bec="0" bev="0" fileid="3" />
                <SequencePoint vc="0" uspid="218" ordinal="19" offset="193" sl="142" sc="25" el="142" ec="62" bec="0" bev="0" fileid="3" />
                <SequencePoint vc="0" uspid="219" ordinal="20" offset="207" sl="143" sc="25" el="143" ec="70" bec="0" bev="0" fileid="3" />
                <SequencePoint vc="0" uspid="220" ordinal="21" offset="228" sl="144" sc="25" el="144" ec="55" bec="0" bev="0" fileid="3" />
                <SequencePoint vc="0" uspid="221" ordinal="22" offset="238" sl="145" sc="25" el="145" ec="42" bec="0" bev="0" fileid="3" />
                <SequencePoint vc="0" uspid="222" ordinal="23" offset="250" sl="146" sc="25" el="146" ec="31" bec="0" bev="0" fileid="3" />
                <SequencePoint vc="0" uspid="223" ordinal="24" offset="252" sl="148" sc="25" el="148" ec="51" bec="2" bev="0" fileid="3" />
                <SequencePoint vc="0" uspid="224" ordinal="25" offset="267" sl="149" sc="29" el="149" ec="47" bec="0" bev="0" fileid="3" />
                <SequencePoint vc="0" uspid="225" ordinal="26" offset="270" sl="150" sc="25" el="150" ec="65" bec="0" bev="0" fileid="3" />
                <SequencePoint vc="0" uspid="226" ordinal="27" offset="281" sl="151" sc="25" el="151" ec="36" bec="0" bev="0" fileid="3" />
                <SequencePoint vc="0" uspid="227" ordinal="28" offset="283" sl="152" sc="25" el="152" ec="31" bec="0" bev="0" fileid="3" />
                <SequencePoint vc="0" uspid="228" ordinal="29" offset="285" sl="154" sc="17" el="154" ec="23" bec="0" bev="0" fileid="3" />
                <SequencePoint vc="0" uspid="229" ordinal="30" offset="287" sl="120" sc="13" el="120" ec="24" bec="2" bev="0" fileid="3" />
                <SequencePoint vc="0" uspid="230" ordinal="31" offset="300" sl="156" sc="13" el="156" ec="31" bec="0" bev="0" fileid="3" />
                <SequencePoint vc="0" uspid="231" ordinal="32" offset="305" sl="157" sc="9" el="157" ec="10" bec="0" bev="0" fileid="3" />
              </SequencePoints>
              <BranchPoints>
                <BranchPoint vc="0" uspid="232" ordinal="0" offset="33" sl="124" path="0" offsetchain="50" offsetend="252" fileid="3" />
                <BranchPoint vc="0" uspid="233" ordinal="1" offset="33" sl="124" path="1" offsetend="55" fileid="3" />
                <BranchPoint vc="0" uspid="234" ordinal="2" offset="33" sl="124" path="2" offsetend="120" fileid="3" />
                <BranchPoint vc="0" uspid="235" ordinal="3" offset="33" sl="124" path="3" offsetend="186" fileid="3" />
                <BranchPoint vc="0" uspid="236" ordinal="4" offset="265" sl="148" path="0" offsetend="267" fileid="3" />
                <BranchPoint vc="0" uspid="237" ordinal="5" offset="265" sl="148" path="1" offsetend="270" fileid="3" />
                <BranchPoint vc="0" uspid="238" ordinal="6" offset="295" sl="120" path="0" offsetend="300" fileid="3" />
                <BranchPoint vc="0" uspid="239" ordinal="7" offset="295" sl="120" path="1" offsetend="8" fileid="3" />
              </BranchPoints>
              <MethodPoint xsi:type="SequencePoint" vc="0" uspid="199" ordinal="0" offset="0" sl="117" sc="9" el="117" ec="10" bec="0" bev="0" fileid="3" />
            </Method>
            <Method visited="false" cyclomaticComplexity="5" nPathComplexity="4" sequenceCoverage="0" branchCoverage="0" crapScore="30" isConstructor="false" isStatic="true" isGetter="false" isSetter="false">
              <Summary numSequencePoints="9" visitedSequencePoints="0" numBranchPoints="5" visitedBranchPoints="0" sequenceCoverage="0" branchCoverage="0" maxCyclomaticComplexity="5" minCyclomaticComplexity="5" maxCrapScore="30" minCrapScore="30" visitedClasses="0" numClasses="0" visitedMethods="0" numMethods="1" />
              <MetadataToken>100663303</MetadataToken>
              <Name>System.Void laba11.Program::PrintSortedList(System.Collections.SortedList)</Name>
              <FileRef uid="3" />
              <SequencePoints>
                <SequencePoint vc="0" uspid="240" ordinal="0" offset="0" sl="160" sc="9" el="160" ec="10" bec="0" bev="0" fileid="3" />
                <SequencePoint vc="0" uspid="241" ordinal="1" offset="1" sl="161" sc="13" el="161" ec="65" bec="4" bev="0" fileid="3" />
                <SequencePoint vc="0" uspid="242" ordinal="2" offset="20" sl="162" sc="17" el="162" ec="24" bec="0" bev="0" fileid="3" />
                <SequencePoint vc="0" uspid="243" ordinal="3" offset="21" sl="162" sc="47" el="162" ec="57" bec="0" bev="0" fileid="3" />
                <SequencePoint vc="0" uspid="244" ordinal="4" offset="30" sl="162" sc="26" el="162" ec="43" bec="0" bev="0" fileid="3" />
                <SequencePoint vc="0" uspid="245" ordinal="5" offset="42" sl="163" sc="21" el="163" ec="79" bec="0" bev="0" fileid="3" />
                <SequencePoint vc="0" uspid="246" ordinal="6" offset="72" sl="162" sc="44" el="162" ec="46" bec="0" bev="0" fileid="3" />
                <SequencePoint vc="0" uspid="247" ordinal="7" offset="102" sl="165" sc="17" el="165" ec="51" bec="0" bev="0" fileid="3" />
                <SequencePoint vc="0" uspid="248" ordinal="8" offset="113" sl="166" sc="9" el="166" ec="10" bec="0" bev="0" fileid="3" />
              </SequencePoints>
              <BranchPoints>
                <BranchPoint vc="0" uspid="249" ordinal="0" offset="2" sl="161" path="0" offsetend="4" fileid="3" />
                <BranchPoint vc="0" uspid="250" ordinal="1" offset="2" sl="161" path="1" offsetend="15" fileid="3" />
                <BranchPoint vc="0" uspid="251" ordinal="2" offset="18" sl="161" path="0" offsetend="20" fileid="3" />
                <BranchPoint vc="0" uspid="252" ordinal="3" offset="18" sl="161" path="1" offsetend="102" fileid="3" />
              </BranchPoints>
              <MethodPoint xsi:type="SequencePoint" vc="0" uspid="240" ordinal="0" offset="0" sl="160" sc="9" el="160" ec="10" bec="0" bev="0" fileid="3" />
            </Method>
            <Method visited="false" cyclomaticComplexity="6" nPathComplexity="8" sequenceCoverage="0" branchCoverage="0" crapScore="42" isConstructor="false" isStatic="true" isGetter="false" isSetter="false">
              <Summary numSequencePoints="17" visitedSequencePoints="0" numBranchPoints="7" visitedBranchPoints="0" sequenceCoverage="0" branchCoverage="0" maxCyclomaticComplexity="6" minCyclomaticComplexity="6" maxCrapScore="42" minCrapScore="42" visitedClasses="0" numClasses="0" visitedMethods="0" numMethods="1" />
              <MetadataToken>100663304</MetadataToken>
              <Name>System.Int32 laba11.Program::FindByLastName(System.Collections.SortedList)</Name>
              <FileRef uid="3" />
              <SequencePoints>
                <SequencePoint vc="0" uspid="255" ordinal="0" offset="0" sl="169" sc="9" el="169" ec="10" bec="0" bev="0" fileid="3" />
                <SequencePoint vc="0" uspid="256" ordinal="1" offset="1" sl="170" sc="13" el="170" ec="27" bec="0" bev="0" fileid="3" />
                <SequencePoint vc="0" uspid="257" ordinal="2" offset="3" sl="171" sc="13" el="171" ec="65" bec="4" bev="0" fileid="3" />
                <SequencePoint vc="0" uspid="258" ordinal="3" offset="22" sl="172" sc="13" el="172" ec="14" bec="0" bev="0" fileid="3" />
                <SequencePoint vc="0" uspid="259" ordinal="4" offset="23" sl="173" sc="17" el="173" ec="24" bec="0" bev="0" fileid="3" />
                <SequencePoint vc="0" uspid="260" ordinal="5" offset="24" sl="173" sc="47" el="173" ec="57" bec="0" bev="0" fileid="3" />
                <SequencePoint vc="0" uspid="261" ordinal="6" offset="33" sl="173" sc="26" el="173" ec="43" bec="0" bev="0" fileid="3" />
                <SequencePoint vc="0" uspid="262" ordinal="7" offset="45" sl="174" sc="17" el="174" ec="18" bec="0" bev="0" fileid="3" />
                <SequencePoint vc="0" uspid="263" ordinal="8" offset="46" sl="175" sc="21" el="175" ec="50" bec="0" bev="0" fileid="3" />
                <SequencePoint vc="0" uspid="264" ordinal="9" offset="60" sl="176" sc="21" el="176" ec="44" bec="2" bev="0" fileid="3" />
                <SequencePoint vc="0" uspid="265" ordinal="10" offset="83" sl="177" sc="25" el="177" ec="33" bec="0" bev="0" fileid="3" />
                <SequencePoint vc="0" uspid="266" ordinal="11" offset="87" sl="178" sc="17" el="178" ec="18" bec="0" bev="0" fileid="3" />
                <SequencePoint vc="0" uspid="267" ordinal="12" offset="88" sl="173" sc="44" el="173" ec="46" bec="0" bev="0" fileid="3" />
                <SequencePoint vc="0" uspid="268" ordinal="13" offset="119" sl="179" sc="13" el="179" ec="14" bec="0" bev="0" fileid="3" />
                <SequencePoint vc="0" uspid="269" ordinal="14" offset="122" sl="181" sc="17" el="181" ec="80" bec="0" bev="0" fileid="3" />
                <SequencePoint vc="0" uspid="270" ordinal="15" offset="133" sl="182" sc="13" el="182" ec="26" bec="0" bev="0" fileid="3" />
                <SequencePoint vc="0" uspid="271" ordinal="16" offset="138" sl="183" sc="9" el="183" ec="10" bec="0" bev="0" fileid="3" />
              </SequencePoints>
              <BranchPoints>
                <BranchPoint vc="0" uspid="272" ordinal="0" offset="4" sl="171" path="0" offsetend="6" fileid="3" />
                <BranchPoint vc="0" uspid="273" ordinal="1" offset="4" sl="171" path="1" offsetend="17" fileid="3" />
                <BranchPoint vc="0" uspid="274" ordinal="2" offset="20" sl="171" path="0" offsetend="22" fileid="3" />
                <BranchPoint vc="0" uspid="275" ordinal="3" offset="20" sl="171" path="1" offsetend="122" fileid="3" />
                <BranchPoint vc="0" uspid="276" ordinal="4" offset="81" sl="176" path="0" offsetend="83" fileid="3" />
                <BranchPoint vc="0" uspid="277" ordinal="5" offset="81" sl="176" path="1" offsetend="87" fileid="3" />
              </BranchPoints>
              <MethodPoint xsi:type="SequencePoint" vc="0" uspid="255" ordinal="0" offset="0" sl="169" sc="9" el="169" ec="10" bec="0" bev="0" fileid="3" />
            </Method>
            <Method visited="false" cyclomaticComplexity="7" nPathComplexity="16" sequenceCoverage="0" branchCoverage="0" crapScore="56" isConstructor="false" isStatic="true" isGetter="false" isSetter="false">
              <Summary numSequencePoints="21" visitedSequencePoints="0" numBranchPoints="9" visitedBranchPoints="0" sequenceCoverage="0" branchCoverage="0" maxCyclomaticComplexity="7" minCyclomaticComplexity="7" maxCrapScore="56" minCrapScore="56" visitedClasses="0" numClasses="0" visitedMethods="0" numMethods="1" />
              <MetadataToken>100663305</MetadataToken>
              <Name>System.Void laba11.Program::PrintCorrespondence(System.Collections.SortedList)</Name>
              <FileRef uid="3" />
              <SequencePoints>
                <SequencePoint vc="0" uspid="280" ordinal="0" offset="0" sl="186" sc="9" el="186" ec="10" bec="0" bev="0" fileid="3" />
                <SequencePoint vc="0" uspid="281" ordinal="1" offset="1" sl="187" sc="13" el="187" ec="65" bec="4" bev="0" fileid="3" />
                <SequencePoint vc="0" uspid="282" ordinal="2" offset="23" sl="188" sc="13" el="188" ec="14" bec="0" bev="0" fileid="3" />
                <SequencePoint vc="0" uspid="283" ordinal="3" offset="24" sl="189" sc="17" el="189" ec="31" bec="0" bev="0" fileid="3" />
                <SequencePoint vc="0" uspid="284" ordinal="4" offset="26" sl="190" sc="17" el="190" ec="24" bec="0" bev="0" fileid="3" />
                <SequencePoint vc="0" uspid="285" ordinal="5" offset="27" sl="190" sc="47" el="190" ec="57" bec="0" bev="0" fileid="3" />
                <SequencePoint vc="0" uspid="286" ordinal="6" offset="36" sl="190" sc="26" el="190" ec="43" bec="0" bev="0" fileid="3" />
                <SequencePoint vc="0" uspid="287" ordinal="7" offset="48" sl="191" sc="17" el="191" ec="18" bec="0" bev="0" fileid="3" />
                <SequencePoint vc="0" uspid="288" ordinal="8" offset="49" sl="192" sc="21" el="192" ec="58" bec="2" bev="0" fileid="3" />
                <SequencePoint vc="0" uspid="289" ordinal="9" offset="70" sl="193" sc="21" el="193" ec="22" bec="0" bev="0" fileid="3" />
                <SequencePoint vc="0" uspid="290" ordinal="10" offset="71" sl="194" sc="25" el="194" ec="83" bec="0" bev="0" fileid="3" />
                <SequencePoint vc="0" uspid="291" ordinal="11" offset="101" sl="195" sc="25" el="195" ec="33" bec="0" bev="0" fileid="3" />
                <SequencePoint vc="0" uspid="292" ordinal="12" offset="105" sl="196" sc="21" el="196" ec="22" bec="0" bev="0" fileid="3" />
                <SequencePoint vc="0" uspid="293" ordinal="13" offset="106" sl="197" sc="17" el="197" ec="18" bec="0" bev="0" fileid="3" />
                <SequencePoint vc="0" uspid="294" ordinal="14" offset="107" sl="190" sc="44" el="190" ec="46" bec="0" bev="0" fileid="3" />
                <SequencePoint vc="0" uspid="295" ordinal="15" offset="138" sl="198" sc="17" el="198" ec="32" bec="2" bev="0" fileid="3" />
                <SequencePoint vc="0" uspid="296" ordinal="16" offset="148" sl="199" sc="21" el="199" ec="66" bec="0" bev="0" fileid="3" />
                <SequencePoint vc="0" uspid="297" ordinal="17" offset="161" sl="201" sc="21" el="201" ec="67" bec="0" bev="0" fileid="3" />
                <SequencePoint vc="0" uspid="298" ordinal="18" offset="183" sl="202" sc="13" el="202" ec="14" bec="0" bev="0" fileid="3" />
                <SequencePoint vc="0" uspid="299" ordinal="19" offset="186" sl="204" sc="17" el="204" ec="51" bec="0" bev="0" fileid="3" />
                <SequencePoint vc="0" uspid="300" ordinal="20" offset="197" sl="205" sc="9" el="205" ec="10" bec="0" bev="0" fileid="3" />
              </SequencePoints>
              <BranchPoints>
                <BranchPoint vc="0" uspid="301" ordinal="0" offset="2" sl="187" path="0" offsetend="4" fileid="3" />
                <BranchPoint vc="0" uspid="302" ordinal="1" offset="2" sl="187" path="1" offsetend="15" fileid="3" />
                <BranchPoint vc="0" uspid="303" ordinal="2" offset="18" sl="187" path="0" offsetend="23" fileid="3" />
                <BranchPoint vc="0" uspid="304" ordinal="3" offset="18" sl="187" path="1" offsetend="186" fileid="3" />
                <BranchPoint vc="0" uspid="305" ordinal="4" offset="68" sl="192" path="0" offsetend="70" fileid="3" />
                <BranchPoint vc="0" uspid="306" ordinal="5" offset="68" sl="192" path="1" offsetend="106" fileid="3" />
                <BranchPoint vc="0" uspid="309" ordinal="8" offset="146" sl="198" path="0" offsetend="148" fileid="3" />
                <BranchPoint vc="0" uspid="310" ordinal="9" offset="146" sl="198" path="1" offsetend="161" fileid="3" />
              </BranchPoints>
              <MethodPoint xsi:type="SequencePoint" vc="0" uspid="280" ordinal="0" offset="0" sl="186" sc="9" el="186" ec="10" bec="0" bev="0" fileid="3" />
            </Method>
            <Method visited="false" cyclomaticComplexity="7" nPathComplexity="16" sequenceCoverage="0" branchCoverage="0" crapScore="56" isConstructor="false" isStatic="true" isGetter="false" isSetter="false">
              <Summary numSequencePoints="23" visitedSequencePoints="0" numBranchPoints="9" visitedBranchPoints="0" sequenceCoverage="0" branchCoverage="0" maxCyclomaticComplexity="7" minCyclomaticComplexity="7" maxCrapScore="56" minCrapScore="56" visitedClasses="0" numClasses="0" visitedMethods="0" numMethods="1" />
              <MetadataToken>100663306</MetadataToken>
              <Name>System.Void laba11.Program::FindFirstCourse(System.Collections.SortedList)</Name>
              <FileRef uid="3" />
              <SequencePoints>
                <SequencePoint vc="0" uspid="311" ordinal="0" offset="0" sl="208" sc="9" el="208" ec="10" bec="0" bev="0" fileid="3" />
                <SequencePoint vc="0" uspid="312" ordinal="1" offset="1" sl="209" sc="13" el="209" ec="65" bec="4" bev="0" fileid="3" />
                <SequencePoint vc="0" uspid="313" ordinal="2" offset="23" sl="210" sc="13" el="210" ec="14" bec="0" bev="0" fileid="3" />
                <SequencePoint vc="0" uspid="314" ordinal="3" offset="24" sl="211" sc="17" el="211" ec="31" bec="0" bev="0" fileid="3" />
                <SequencePoint vc="0" uspid="315" ordinal="4" offset="26" sl="212" sc="17" el="212" ec="24" bec="0" bev="0" fileid="3" />
                <SequencePoint vc="0" uspid="316" ordinal="5" offset="27" sl="212" sc="47" el="212" ec="57" bec="0" bev="0" fileid="3" />
                <SequencePoint vc="0" uspid="317" ordinal="6" offset="36" sl="212" sc="26" el="212" ec="43" bec="0" bev="0" fileid="3" />
                <SequencePoint vc="0" uspid="318" ordinal="7" offset="48" sl="213" sc="17" el="213" ec="18" bec="0" bev="0" fileid="3" />
                <SequencePoint vc="0" uspid="319" ordinal="8" offset="49" sl="214" sc="21" el="214" ec="44" bec="2" bev="0" fileid="3" />
                <SequencePoint vc="0" uspid="320" ordinal="9" offset="70" sl="215" sc="21" el="215" ec="22" bec="0" bev="0" fileid="3" />
                <SequencePoint vc="0" uspid="321" ordinal="10" offset="71" sl="216" sc="25" el="216" ec="50" bec="0" bev="0" fileid="3" />
                <SequencePoint vc="0" uspid="322" ordinal="11" offset="85" sl="217" sc="25" el="217" ec="43" bec="2" bev="0" fileid="3" />
                <SequencePoint vc="0" uspid="323" ordinal="12" offset="101" sl="218" sc="25" el="218" ec="26" bec="0" bev="0" fileid="3" />
                <SequencePoint vc="0" uspid="324" ordinal="13" offset="102" sl="219" sc="29" el="219" ec="87" bec="0" bev="0" fileid="3" />
                <SequencePoint vc="0" uspid="325" ordinal="14" offset="132" sl="220" sc="29" el="220" ec="37" bec="0" bev="0" fileid="3" />
                <SequencePoint vc="0" uspid="326" ordinal="15" offset="136" sl="221" sc="25" el="221" ec="26" bec="0" bev="0" fileid="3" />
                <SequencePoint vc="0" uspid="327" ordinal="16" offset="137" sl="222" sc="21" el="222" ec="22" bec="0" bev="0" fileid="3" />
                <SequencePoint vc="0" uspid="328" ordinal="17" offset="138" sl="223" sc="17" el="223" ec="18" bec="0" bev="0" fileid="3" />
                <SequencePoint vc="0" uspid="329" ordinal="18" offset="139" sl="212" sc="44" el="212" ec="46" bec="0" bev="0" fileid="3" />
                <SequencePoint vc="0" uspid="330" ordinal="19" offset="170" sl="224" sc="17" el="224" ec="70" bec="0" bev="0" fileid="3" />
                <SequencePoint vc="0" uspid="331" ordinal="20" offset="192" sl="225" sc="13" el="225" ec="14" bec="0" bev="0" fileid="3" />
                <SequencePoint vc="0" uspid="332" ordinal="21" offset="195" sl="227" sc="17" el="227" ec="51" bec="0" bev="0" fileid="3" />
                <SequencePoint vc="0" uspid="333" ordinal="22" offset="206" sl="228" sc="9" el="228" ec="10" bec="0" bev="0" fileid="3" />
              </SequencePoints>
              <BranchPoints>
                <BranchPoint vc="0" uspid="334" ordinal="0" offset="2" sl="209" path="0" offsetend="4" fileid="3" />
                <BranchPoint vc="0" uspid="335" ordinal="1" offset="2" sl="209" path="1" offsetend="15" fileid="3" />
                <BranchPoint vc="0" uspid="336" ordinal="2" offset="18" sl="209" path="0" offsetend="23" fileid="3" />
                <BranchPoint vc="0" uspid="337" ordinal="3" offset="18" sl="209" path="1" offsetend="195" fileid="3" />
                <BranchPoint vc="0" uspid="338" ordinal="4" offset="68" sl="214" path="0" offsetend="70" fileid="3" />
                <BranchPoint vc="0" uspid="339" ordinal="5" offset="68" sl="214" path="1" offsetend="138" fileid="3" />
                <BranchPoint vc="0" uspid="340" ordinal="6" offset="99" sl="217" path="0" offsetend="101" fileid="3" />
                <BranchPoint vc="0" uspid="341" ordinal="7" offset="99" sl="217" path="1" offsetend="137" fileid="3" />
              </BranchPoints>
              <MethodPoint xsi:type="SequencePoint" vc="0" uspid="311" ordinal="0" offset="0" sl="208" sc="9" el="208" ec="10" bec="0" bev="0" fileid="3" />
            </Method>
            <Method visited="false" cyclomaticComplexity="3" nPathComplexity="4" sequenceCoverage="0" branchCoverage="0" crapScore="12" isConstructor="false" isStatic="true" isGetter="false" isSetter="false">
              <Summary numSequencePoints="18" visitedSequencePoints="0" numBranchPoints="5" visitedBranchPoints="0" sequenceCoverage="0" branchCoverage="0" maxCyclomaticComplexity="3" minCyclomaticComplexity="3" maxCrapScore="12" minCrapScore="12" visitedClasses="0" numClasses="0" visitedMethods="0" numMethods="1" />
              <MetadataToken>100663307</MetadataToken>
              <Name>System.Void laba11.Program::CloningSortedList(System.Collections.SortedList)</Name>
              <FileRef uid="3" />
              <SequencePoints>
                <SequencePoint vc="0" uspid="344" ordinal="0" offset="0" sl="231" sc="9" el="231" ec="10" bec="0" bev="0" fileid="3" />
                <SequencePoint vc="0" uspid="345" ordinal="1" offset="1" sl="232" sc="13" el="232" ec="65" bec="4" bev="0" fileid="3" />
                <SequencePoint vc="0" uspid="346" ordinal="2" offset="23" sl="233" sc="13" el="233" ec="14" bec="0" bev="0" fileid="3" />
[...]
                <SequencePoint vc="0" uspid="689" ordinal="85" offset="1160" sl="616" sc="13" el="616" ec="58" bec="0" bev="0" fileid="3" />
                <SequencePoint vc="0" uspid="690" ordinal="86" offset="1171" sl="617" sc="13" el="617" ec="62" bec="0" bev="0" fileid="3" />
                <SequencePoint vc="0" uspid="691" ordinal="87" offset="1194" sl="619" sc="13" el="619" ec="58" bec="0" bev="0" fileid="3" />
                <SequencePoint vc="0" uspid="692" ordinal="88" offset="1205" sl="620" sc="13" el="620" ec="56" bec="0" bev="0" fileid="3" />
                <SequencePoint vc="0" uspid="693" ordinal="89" offset="1228" sl="622" sc="13" el="622" ec="58" bec="0" bev="0" fileid="3" />
                <SequencePoint vc="0" uspid="694" ordinal="90" offset="1239" sl="623" sc="13" el="623" ec="56" bec="0" bev="0" fileid="3" />
                <SequencePoint vc="0" uspid="695" ordinal="91" offset="1262" sl="625" sc="13" el="625" ec="58" bec="0" bev="0" fileid="3" />
                <SequencePoint vc="0" uspid="696" ordinal="92" offset="1273" sl="626" sc="13" el="626" ec="60" bec="0" bev="0" fileid="3" />
                <SequencePoint vc="0" uspid="697" ordinal="93" offset="1296" sl="630" sc="13" el="630" ec="59" bec="0" bev="0" fileid="3" />
                <SequencePoint vc="0" uspid="698" ordinal="94" offset="1307" sl="631" sc="13" el="631" ec="61" bec="0" bev="0" fileid="3" />
                <SequencePoint vc="0" uspid="699" ordinal="95" offset="1330" sl="633" sc="13" el="633" ec="59" bec="0" bev="0" fileid="3" />
                <SequencePoint vc="0" uspid="700" ordinal="96" offset="1341" sl="634" sc="13" el="634" ec="54" bec="0" bev="0" fileid="3" />
                <SequencePoint vc="0" uspid="701" ordinal="97" offset="1364" sl="636" sc="13" el="636" ec="59" bec="0" bev="0" fileid="3" />
                <SequencePoint vc="0" uspid="702" ordinal="98" offset="1375" sl="637" sc="13" el="637" ec="55" bec="0" bev="0" fileid="3" />
                <SequencePoint vc="0" uspid="703" ordinal="99" offset="1398" sl="639" sc="13" el="639" ec="59" bec="0" bev="0" fileid="3" />
                <SequencePoint vc="0" uspid="704" ordinal="100" offset="1409" sl="640" sc="13" el="640" ec="58" bec="0" bev="0" fileid="3" />
                <SequencePoint vc="0" uspid="705" ordinal="101" offset="1432" sl="644" sc="13" el="644" ec="63" bec="0" bev="0" fileid="3" />
                <SequencePoint vc="0" uspid="706" ordinal="102" offset="1443" sl="645" sc="13" el="645" ec="64" bec="0" bev="0" fileid="3" />
                <SequencePoint vc="0" uspid="707" ordinal="103" offset="1466" sl="647" sc="13" el="647" ec="63" bec="0" bev="0" fileid="3" />
                <SequencePoint vc="0" uspid="708" ordinal="104" offset="1477" sl="648" sc="13" el="648" ec="57" bec="0" bev="0" fileid="3" />
                <SequencePoint vc="0" uspid="709" ordinal="105" offset="1500" sl="650" sc="13" el="650" ec="63" bec="0" bev="0" fileid="3" />
                <SequencePoint vc="0" uspid="710" ordinal="106" offset="1511" sl="651" sc="13" el="651" ec="57" bec="0" bev="0" fileid="3" />
                <SequencePoint vc="0" uspid="711" ordinal="107" offset="1534" sl="653" sc="13" el="653" ec="63" bec="0" bev="0" fileid="3" />
                <SequencePoint vc="0" uspid="712" ordinal="108" offset="1545" sl="654" sc="13" el="654" ec="61" bec="0" bev="0" fileid="3" />
                <SequencePoint vc="0" uspid="713" ordinal="109" offset="1568" sl="655" sc="13" el="655" ec="93" bec="0" bev="0" fileid="3" />
                <SequencePoint vc="0" uspid="714" ordinal="110" offset="1579" sl="657" sc="9" el="657" ec="10" bec="0" bev="0" fileid="3" />
              </SequencePoints>
              <BranchPoints>
                <BranchPoint vc="0" uspid="715" ordinal="0" offset="50" sl="489" path="0" offsetchain="87" offsetend="172" fileid="3" />
                <BranchPoint vc="0" uspid="716" ordinal="1" offset="50" sl="489" path="1" offsetend="89" fileid="3" />
                <BranchPoint vc="0" uspid="717" ordinal="2" offset="50" sl="489" path="2" offsetend="98" fileid="3" />
                <BranchPoint vc="0" uspid="718" ordinal="3" offset="50" sl="489" path="3" offsetend="107" fileid="3" />
                <BranchPoint vc="0" uspid="719" ordinal="4" offset="50" sl="489" path="4" offsetend="116" fileid="3" />
                <BranchPoint vc="0" uspid="720" ordinal="5" offset="50" sl="489" path="5" offsetend="141" fileid="3" />
                <BranchPoint vc="0" uspid="721" ordinal="6" offset="50" sl="489" path="6" offsetend="150" fileid="3" />
                <BranchPoint vc="0" uspid="722" ordinal="7" offset="50" sl="489" path="7" offsetend="159" fileid="3" />
                <BranchPoint vc="0" uspid="723" ordinal="8" offset="50" sl="489" path="8" offsetend="168" fileid="3" />
                <BranchPoint vc="0" uspid="724" ordinal="9" offset="194" sl="485" path="0" offsetend="199" fileid="3" />
                <BranchPoint vc="0" uspid="725" ordinal="10" offset="194" sl="485" path="1" offsetend="21" fileid="3" />
                <BranchPoint vc="0" uspid="726" ordinal="11" offset="248" sl="535" path="0" offsetchain="281" offsetend="341" fileid="3" />
                <BranchPoint vc="0" uspid="727" ordinal="12" offset="248" sl="535" path="1" offsetend="283" fileid="3" />
                <BranchPoint vc="0" uspid="728" ordinal="13" offset="248" sl="535" path="2" offsetend="292" fileid="3" />
                <BranchPoint vc="0" uspid="729" ordinal="14" offset="248" sl="535" path="3" offsetend="301" fileid="3" />
                <BranchPoint vc="0" uspid="730" ordinal="15" offset="248" sl="535" path="4" offsetend="310" fileid="3" />
                <BranchPoint vc="0" uspid="731" ordinal="16" offset="248" sl="535" path="5" offsetend="319" fileid="3" />
                <BranchPoint vc="0" uspid="732" ordinal="17" offset="248" sl="535" path="6" offsetend="328" fileid="3" />
                <BranchPoint vc="0" uspid="733" ordinal="18" offset="248" sl="535" path="7" offsetend="337" fileid="3" />
                <BranchPoint vc="0" uspid="734" ordinal="19" offset="363" sl="531" path="0" offsetend="368" fileid="3" />
                <BranchPoint vc="0" uspid="735" ordinal="20" offset="363" sl="531" path="1" offsetend="219" fileid="3" />
              </BranchPoints>
              <MethodPoint xsi:type="SequencePoint" vc="0" uspid="604" ordinal="0" offset="0" sl="475" sc="9" el="475" ec="10" bec="0" bev="0" fileid="3" />
            </Method>
            <Method visited="false" cyclomaticComplexity="1" nPathComplexity="0" sequenceCoverage="0" branchCoverage="0" crapScore="2" isConstructor="true" isStatic="false" isGetter="false" isSetter="false">
              <Summary numSequencePoints="0" visitedSequencePoints="0" numBranchPoints="0" visitedBranchPoints="0" sequenceCoverage="0" branchCoverage="0" maxCyclomaticComplexity="1" minCyclomaticComplexity="1" maxCrapScore="2" minCrapScore="2" visitedClasses="0" numClasses="0" visitedMethods="0" numMethods="0" />
              <MetadataToken>100663323</MetadataToken>
              <Name>System.Void laba11.Program::.ctor()</Name>
              <SequencePoints />
              <BranchPoints />
              <MethodPoint vc="0" uspid="736" ordinal="0" offset="0" />
            </Method>
            <Method visited="false" cyclomaticComplexity="1" nPathComplexity="0" sequenceCoverage="0" branchCoverage="0" crapScore="2" isConstructor="true" isStatic="true" isGetter="false" isSetter="false">
              <Summary numSequencePoints="6" visitedSequencePoints="0" numBranchPoints="1" visitedBranchPoints="0" sequenceCoverage="0" branchCoverage="0" maxCyclomaticComplexity="1" minCyclomaticComplexity="1" maxCrapScore="2" minCrapScore="2" visitedClasses="0" numClasses="0" visitedMethods="0" numMethods="1" />
              <MetadataToken>100663324</MetadataToken>
              <Name>System.Void laba11.Program::.cctor()</Name>
              <FileRef uid="3" />
              <SequencePoints>
                <SequencePoint vc="0" uspid="737" ordinal="0" offset="0" sl="48" sc="9" el="48" ec="38" bec="0" bev="0" fileid="3" />
                <SequencePoint vc="0" uspid="738" ordinal="1" offset="6" sl="50" sc="9" el="50" ec="39" bec="0" bev="0" fileid="3" />
                <SequencePoint vc="0" uspid="739" ordinal="2" offset="12" sl="52" sc="9" el="52" ec="36" bec="0" bev="0" fileid="3" />
                <SequencePoint vc="0" uspid="740" ordinal="3" offset="18" sl="253" sc="9" el="253" ec="35" bec="0" bev="0" fileid="3" />
                <SequencePoint vc="0" uspid="741" ordinal="4" offset="24" sl="255" sc="9" el="255" ec="34" bec="0" bev="0" fileid="3" />
                <SequencePoint vc="0" uspid="742" ordinal="5" offset="30" sl="257" sc="9" el="257" ec="34" bec="0" bev="0" fileid="3" />
              </SequencePoints>
              <BranchPoints />
              <MethodPoint xsi:type="SequencePoint" vc="0" uspid="737" ordinal="0" offset="0" sl="48" sc="9" el="48" ec="38" bec="0" bev="0" fileid="3" />
            </Method>
          </Methods>
        </Class>
        <Class>
          <Summary numSequencePoints="51" visitedSequencePoints="51" numBranchPoints="10" visitedBranchPoints="10" sequenceCoverage="100" branchCoverage="100" maxCyclomaticComplexity="5" minCyclomaticComplexity="1" maxCrapScore="5" minCrapScore="1" visitedClasses="1" numClasses="1" visitedMethods="2" numMethods="2" />
          <FullName>laba11.TestCollections</FullName>
          <Methods>
            <Method visited="true" cyclomaticComplexity="1" nPathComplexity="0" sequenceCoverage="100" branchCoverage="100" crapScore="1" isConstructor="false" isStatic="false" isGetter="false" isSetter="false">
              <Summary numSequencePoints="6" visitedSequencePoints="6" numBranchPoints="1" visitedBranchPoints="1" sequenceCoverage="100" branchCoverage="100" maxCyclomaticComplexity="1" minCyclomaticComplexity="1" maxCrapScore="1" minCrapScore="1" visitedClasses="0" numClasses="0" visitedMethods="1" numMethods="1" />
              <MetadataToken>100663325</MetadataToken>
              <Name>System.Void laba11.TestCollections::CreateLinksForCollections()</Name>
              <FileRef uid="4" />
              <SequencePoints>
                <SequencePoint vc="20" uspid="743" ordinal="0" offset="0" sl="30" sc="9" el="30" ec="10" bec="0" bev="0" fileid="4" />
                <SequencePoint vc="20" uspid="744" ordinal="1" offset="1" sl="31" sc="13" el="31" ec="44" bec="0" bev="0" fileid="4" />
                <SequencePoint vc="20" uspid="745" ordinal="2" offset="12" sl="32" sc="13" el="32" ec="45" bec="0" bev="0" fileid="4" />
                <SequencePoint vc="20" uspid="746" ordinal="3" offset="23" sl="33" sc="13" el="33" ec="61" bec="0" bev="0" fileid="4" />
                <SequencePoint vc="20" uspid="747" ordinal="4" offset="34" sl="34" sc="13" el="34" ec="61" bec="0" bev="0" fileid="4" />
                <SequencePoint vc="20" uspid="748" ordinal="5" offset="45" sl="35" sc="9" el="35" ec="10" bec="0" bev="0" fileid="4" />
              </SequencePoints>
              <BranchPoints />
              <MethodPoint xsi:type="SequencePoint" vc="20" uspid="743" ordinal="0" offset="0" sl="30" sc="9" el="30" ec="10" bec="0" bev="0" fileid="4" />
            </Method>
            <Method visited="true" cyclomaticComplexity="5" nPathComplexity="16" sequenceCoverage="100" branchCoverage="100" crapScore="5" isConstructor="true" isStatic="false" isGetter="false" isSetter="false">
              <Summary numSequencePoints="45" visitedSequencePoints="45" numBranchPoints="9" visitedBranchPoints="9" sequenceCoverage="100" branchCoverage="100" maxCyclomaticComplexity="5" minCyclomaticComplexity="5" maxCrapScore="5" minCrapScore="5" visitedClasses="0" numClasses="0" visitedMethods="1" numMethods="1" />
              <MetadataToken>100663326</MetadataToken>
              <Name>System.Void laba11.TestCollections::.ctor(System.Int32)</Name>
              <FileRef uid="4" />
              <SequencePoints>
                <SequencePoint vc="20" uspid="749" ordinal="0" offset="0" sl="37" sc="9" el="37" ec="41" bec="0" bev="0" fileid="4" />
                <SequencePoint vc="20" uspid="750" ordinal="1" offset="7" sl="38" sc="9" el="38" ec="10" bec="0" bev="0" fileid="4" />
                <SequencePoint vc="20" uspid="751" ordinal="2" offset="8" sl="39" sc="13" el="39" ec="28" bec="0" bev="0" fileid="4" />
                <SequencePoint vc="20" uspid="752" ordinal="3" offset="19" sl="40" sc="13" el="40" ec="28" bec="0" bev="0" fileid="4" />
                <SequencePoint vc="20" uspid="753" ordinal="4" offset="30" sl="41" sc="13" el="41" ec="28" bec="0" bev="0" fileid="4" />
                <SequencePoint vc="20" uspid="754" ordinal="5" offset="41" sl="43" sc="13" el="43" ec="36" bec="0" bev="0" fileid="4" />
                <SequencePoint vc="20" uspid="755" ordinal="6" offset="52" sl="44" sc="13" el="44" ec="36" bec="0" bev="0" fileid="4" />
                <SequencePoint vc="20" uspid="756" ordinal="7" offset="63" sl="45" sc="13" el="45" ec="36" bec="0" bev="0" fileid="4" />
                <SequencePoint vc="20" uspid="757" ordinal="8" offset="74" sl="47" sc="13" el="47" ec="37" bec="0" bev="0" fileid="4" />
                <SequencePoint vc="20" uspid="758" ordinal="9" offset="85" sl="48" sc="13" el="48" ec="37" bec="0" bev="0" fileid="4" />
                <SequencePoint vc="20" uspid="759" ordinal="10" offset="96" sl="49" sc="13" el="49" ec="37" bec="0" bev="0" fileid="4" />
                <SequencePoint vc="20" uspid="760" ordinal="11" offset="107" sl="51" sc="13" el="51" ec="41" bec="0" bev="0" fileid="4" />
                <SequencePoint vc="20" uspid="761" ordinal="12" offset="114" sl="53" sc="18" el="53" ec="27" bec="0" bev="0" fileid="4" />
                <SequencePoint vc="20000" uspid="762" ordinal="13" offset="121" sl="54" sc="13" el="54" ec="14" bec="0" bev="0" fileid="4" />
                <SequencePoint vc="20000" uspid="763" ordinal="14" offset="122" sl="55" sc="17" el="55" ec="49" bec="0" bev="0" fileid="4" />
                <SequencePoint vc="20000" uspid="764" ordinal="15" offset="128" sl="56" sc="17" el="56" ec="51" bec="0" bev="0" fileid="4" />
                <SequencePoint vc="20000" uspid="765" ordinal="16" offset="140" sl="57" sc="17" el="57" ec="37" bec="0" bev="0" fileid="4" />
                <SequencePoint vc="20000" uspid="766" ordinal="17" offset="150" sl="59" sc="17" el="59" ec="54" bec="0" bev="0" fileid="4" />
                <SequencePoint vc="20000" uspid="767" ordinal="18" offset="157" sl="61" sc="17" el="61" ec="48" bec="0" bev="0" fileid="4" />
                <SequencePoint vc="20000" uspid="768" ordinal="19" offset="164" sl="63" sc="17" el="63" ec="39" bec="0" bev="0" fileid="4" />
                <SequencePoint vc="20000" uspid="769" ordinal="20" offset="177" sl="64" sc="17" el="64" ec="37" bec="0" bev="0" fileid="4" />
                <SequencePoint vc="20000" uspid="770" ordinal="21" offset="190" sl="65" sc="17" el="65" ec="50" bec="0" bev="0" fileid="4" />
                <SequencePoint vc="20000" uspid="771" ordinal="22" offset="204" sl="66" sc="17" el="66" ec="47" bec="0" bev="0" fileid="4" />
                <SequencePoint vc="20000" uspid="772" ordinal="23" offset="218" sl="68" sc="17" el="68" ec="28" bec="2" bev="2" fileid="4" />
                <SequencePoint vc="20" uspid="773" ordinal="24" offset="228" sl="69" sc="17" el="69" ec="18" bec="0" bev="0" fileid="4" />
                <SequencePoint vc="20" uspid="774" ordinal="25" offset="229" sl="70" sc="21" el="70" ec="32" bec="0" bev="0" fileid="4" />
                <SequencePoint vc="20" uspid="775" ordinal="26" offset="236" sl="71" sc="21" el="71" ec="92" bec="0" bev="0" fileid="4" />
                <SequencePoint vc="20" uspid="776" ordinal="27" offset="271" sl="72" sc="21" el="72" ec="158" bec="0" bev="0" fileid="4" />
                <SequencePoint vc="20" uspid="777" ordinal="28" offset="324" sl="73" sc="17" el="73" ec="18" bec="0" bev="0" fileid="4" />
                <SequencePoint vc="20000" uspid="778" ordinal="29" offset="325" sl="75" sc="17" el="75" ec="37" bec="2" bev="2" fileid="4" />
                <SequencePoint vc="20" uspid="779" ordinal="30" offset="337" sl="76" sc="17" el="76" ec="18" bec="0" bev="0" fileid="4" />
                <SequencePoint vc="20" uspid="780" ordinal="31" offset="338" sl="77" sc="21" el="77" ec="32" bec="0" bev="0" fileid="4" />
                <SequencePoint vc="20" uspid="781" ordinal="32" offset="345" sl="78" sc="21" el="78" ec="92" bec="0" bev="0" fileid="4" />
                <SequencePoint vc="20" uspid="782" ordinal="33" offset="380" sl="79" sc="21" el="79" ec="158" bec="0" bev="0" fileid="4" />
                <SequencePoint vc="20" uspid="783" ordinal="34" offset="433" sl="80" sc="17" el="80" ec="18" bec="0" bev="0" fileid="4" />
                <SequencePoint vc="20000" uspid="784" ordinal="35" offset="434" sl="82" sc="17" el="82" ec="35" bec="2" bev="2" fileid="4" />
                <SequencePoint vc="20" uspid="785" ordinal="36" offset="446" sl="83" sc="17" el="83" ec="18" bec="0" bev="0" fileid="4" />
                <SequencePoint vc="20" uspid="786" ordinal="37" offset="447" sl="84" sc="21" el="84" ec="32" bec="0" bev="0" fileid="4" />
                <SequencePoint vc="20" uspid="787" ordinal="38" offset="454" sl="85" sc="21" el="85" ec="92" bec="0" bev="0" fileid="4" />
                <SequencePoint vc="20" uspid="788" ordinal="39" offset="489" sl="86" sc="21" el="86" ec="158" bec="0" bev="0" fileid="4" />
                <SequencePoint vc="20" uspid="789" ordinal="40" offset="542" sl="87" sc="17" el="87" ec="18" bec="0" bev="0" fileid="4" />
                <SequencePoint vc="20000" uspid="790" ordinal="41" offset="543" sl="88" sc="13" el="88" ec="14" bec="0" bev="0" fileid="4" />
                <SequencePoint vc="20000" uspid="791" ordinal="42" offset="544" sl="53" sc="39" el="53" ec="42" bec="0" bev="0" fileid="4" />
                <SequencePoint vc="20020" uspid="792" ordinal="43" offset="548" sl="53" sc="29" el="53" ec="37" bec="2" bev="2" fileid="4" />
                <SequencePoint vc="20" uspid="793" ordinal="44" offset="561" sl="89" sc="9" el="89" ec="10" bec="0" bev="0" fileid="4" />
              </SequencePoints>
              <BranchPoints>
                <BranchPoint vc="20" uspid="794" ordinal="0" offset="226" sl="68" path="0" offsetend="228" fileid="4" />
                <BranchPoint vc="19980" uspid="795" ordinal="1" offset="226" sl="68" path="1" offsetend="325" fileid="4" />
                <BranchPoint vc="20" uspid="796" ordinal="2" offset="335" sl="75" path="0" offsetend="337" fileid="4" />
                <BranchPoint vc="19980" uspid="797" ordinal="3" offset="335" sl="75" path="1" offsetend="434" fileid="4" />
                <BranchPoint vc="20" uspid="798" ordinal="4" offset="444" sl="82" path="0" offsetend="446" fileid="4" />
                <BranchPoint vc="19980" uspid="799" ordinal="5" offset="444" sl="82" path="1" offsetend="543" fileid="4" />
                <BranchPoint vc="20" uspid="800" ordinal="6" offset="556" sl="53" path="0" offsetend="561" fileid="4" />
                <BranchPoint vc="20000" uspid="801" ordinal="7" offset="556" sl="53" path="1" offsetend="121" fileid="4" />
              </BranchPoints>
              <MethodPoint xsi:type="SequencePoint" vc="20" uspid="749" ordinal="0" offset="0" sl="37" sc="9" el="37" ec="41" bec="0" bev="0" fileid="4" />
            </Method>
          </Methods>
        </Class>
      </Classes>
    </Module>
  </Modules>
</CoverageSession>